This is pdfTeX, Version 3.14159265-2.6-1.40.19 (MiKTeX 2.9.6630 64-bit) (preloaded format=pdflatex 2018.6.11)  21 SEP 2018 14:27
entering extended mode
**./Sex_education.tex
(Sex_education.tex
LaTeX2e <2017-04-15>
Babel <3.18> and hyphenation patterns for 75 language(s) loaded.
("C:\Users\Aleman\AppData\Local\Programs\MiKTeX 2.9\tex\latex\base\article.cls"
Document Class: article 2014/09/29 v1.4h Standard LaTeX document class
("C:\Users\Aleman\AppData\Local\Programs\MiKTeX 2.9\tex\latex\base\size12.clo"
File: size12.clo 2014/09/29 v1.4h Standard LaTeX file (size option)
)
\c@part=\count79
\c@section=\count80
\c@subsection=\count81
\c@subsubsection=\count82
\c@paragraph=\count83
\c@subparagraph=\count84
\c@figure=\count85
\c@table=\count86
\abovecaptionskip=\skip41
\belowcaptionskip=\skip42
\bibindent=\dimen102
)
("C:\Users\Aleman\AppData\Local\Programs\MiKTeX 2.9\tex\latex\natbib\natbib.sty
"
Package: natbib 2010/09/13 8.31b (PWD, AO)
\bibhang=\skip43
\bibsep=\skip44
LaTeX Info: Redefining \cite on input line 694.
\c@NAT@ctr=\count87
)
("C:\Users\Aleman\AppData\Local\Programs\MiKTeX 2.9\tex\latex\amsmath\amsmath.s
ty"
Package: amsmath 2017/09/02 v2.17a AMS math features
\@mathmargin=\skip45

For additional information on amsmath, use the `?' option.

("C:\Users\Aleman\AppData\Local\Programs\MiKTeX 2.9\tex\latex\amsmath\amstext.s
ty"
Package: amstext 2000/06/29 v2.01 AMS text

("C:\Users\Aleman\AppData\Local\Programs\MiKTeX 2.9\tex\latex\amsmath\amsgen.st
y"
File: amsgen.sty 1999/11/30 v2.0 generic functions
\@emptytoks=\toks14
\ex@=\dimen103
))
("C:\Users\Aleman\AppData\Local\Programs\MiKTeX 2.9\tex\latex\amsmath\amsbsy.st
y"
Package: amsbsy 1999/11/29 v1.2d Bold Symbols
\pmbraise@=\dimen104
)
("C:\Users\Aleman\AppData\Local\Programs\MiKTeX 2.9\tex\latex\amsmath\amsopn.st
y"
Package: amsopn 2016/03/08 v2.02 operator names
)
\inf@bad=\count88
LaTeX Info: Redefining \frac on input line 213.
\uproot@=\count89
\leftroot@=\count90
LaTeX Info: Redefining \overline on input line 375.
\classnum@=\count91
\DOTSCASE@=\count92
LaTeX Info: Redefining \ldots on input line 472.
LaTeX Info: Redefining \dots on input line 475.
LaTeX Info: Redefining \cdots on input line 596.
\Mathstrutbox@=\box26
\strutbox@=\box27
\big@size=\dimen105
LaTeX Font Info:    Redeclaring font encoding OML on input line 712.
LaTeX Font Info:    Redeclaring font encoding OMS on input line 713.
\macc@depth=\count93
\c@MaxMatrixCols=\count94
\dotsspace@=\muskip10
\c@parentequation=\count95
\dspbrk@lvl=\count96
\tag@help=\toks15
\row@=\count97
\column@=\count98
\maxfields@=\count99
\andhelp@=\toks16
\eqnshift@=\dimen106
\alignsep@=\dimen107
\tagshift@=\dimen108
\tagwidth@=\dimen109
\totwidth@=\dimen110
\lineht@=\dimen111
\@envbody=\toks17
\multlinegap=\skip46
\multlinetaggap=\skip47
\mathdisplay@stack=\toks18
LaTeX Info: Redefining \[ on input line 2817.
LaTeX Info: Redefining \] on input line 2818.
)
("C:\Users\Aleman\AppData\Local\Programs\MiKTeX 2.9\tex\latex\amsfonts\amssymb.
sty"
Package: amssymb 2013/01/14 v3.01 AMS font symbols

("C:\Users\Aleman\AppData\Local\Programs\MiKTeX 2.9\tex\latex\amsfonts\amsfonts
.sty"
Package: amsfonts 2013/01/14 v3.01 Basic AMSFonts support
\symAMSa=\mathgroup4
\symAMSb=\mathgroup5
LaTeX Font Info:    Overwriting math alphabet `\mathfrak' in version `bold'
(Font)                  U/euf/m/n --> U/euf/b/n on input line 106.
))
("C:\Users\Aleman\AppData\Local\Programs\MiKTeX 2.9\tex\latex\amscls\amsthm.sty
"
Package: amsthm 2017/10/31 v2.20.4
\thm@style=\toks19
\thm@bodyfont=\toks20
\thm@headfont=\toks21
\thm@notefont=\toks22
\thm@headpunct=\toks23
\thm@preskip=\skip48
\thm@postskip=\skip49
\thm@headsep=\skip50
\dth@everypar=\toks24
)
("C:\Users\Aleman\AppData\Local\Programs\MiKTeX 2.9\tex\latex\graphics\graphicx
.sty"
Package: graphicx 2017/06/01 v1.1a Enhanced LaTeX Graphics (DPC,SPQR)

("C:\Users\Aleman\AppData\Local\Programs\MiKTeX 2.9\tex\latex\graphics\keyval.s
ty"
Package: keyval 2014/10/28 v1.15 key=value parser (DPC)
\KV@toks@=\toks25
)
("C:\Users\Aleman\AppData\Local\Programs\MiKTeX 2.9\tex\latex\graphics\graphics
.sty"
Package: graphics 2017/06/25 v1.2c Standard LaTeX Graphics (DPC,SPQR)

("C:\Users\Aleman\AppData\Local\Programs\MiKTeX 2.9\tex\latex\graphics\trig.sty
"
Package: trig 2016/01/03 v1.10 sin cos tan (DPC)
)
("C:\Users\Aleman\AppData\Local\Programs\MiKTeX 2.9\tex\latex\graphics-cfg\grap
hics.cfg"
File: graphics.cfg 2016/06/04 v1.11 sample graphics configuration
)
Package graphics Info: Driver file: pdftex.def on input line 99.

("C:\Users\Aleman\AppData\Local\Programs\MiKTeX 2.9\tex\latex\graphics-def\pdft
ex.def"
File: pdftex.def 2018/01/08 v1.0l Graphics/color driver for pdftex
))
\Gin@req@height=\dimen112
\Gin@req@width=\dimen113
)
("C:\Users\Aleman\AppData\Local\Programs\MiKTeX 2.9\tex\latex\caption\subcaptio
n.sty"
Package: subcaption 2018/05/01 v1.1-162 Sub-captions (AR)

("C:\Users\Aleman\AppData\Local\Programs\MiKTeX 2.9\tex\latex\caption\caption.s
ty"
Package: caption 2018/05/01 v3.3-147 Customizing captions (AR)

("C:\Users\Aleman\AppData\Local\Programs\MiKTeX 2.9\tex\latex\caption\caption3.
sty"
Package: caption3 2018/05/27 v1.8a caption3 kernel (AR)
Package caption3 Info: TeX engine: e-TeX on input line 64.
\captionmargin=\dimen114
\captionmargin@=\dimen115
\captionwidth=\dimen116
\caption@tempdima=\dimen117
\caption@indent=\dimen118
\caption@parindent=\dimen119
\caption@hangindent=\dimen120
)
\c@ContinuedFloat=\count100
)
\c@subfigure=\count101
\c@subtable=\count102
)
("C:\Users\Aleman\AppData\Local\Programs\MiKTeX 2.9\tex\latex\hyperref\hyperref
.sty"
Package: hyperref 2018/02/06 v6.86b Hypertext links for LaTeX

("C:\Users\Aleman\AppData\Local\Programs\MiKTeX 2.9\tex\generic\oberdiek\hobsub
-hyperref.sty"
Package: hobsub-hyperref 2016/05/16 v1.14 Bundle oberdiek, subset hyperref (HO)


("C:\Users\Aleman\AppData\Local\Programs\MiKTeX 2.9\tex\generic\oberdiek\hobsub
-generic.sty"
Package: hobsub-generic 2016/05/16 v1.14 Bundle oberdiek, subset generic (HO)
Package: hobsub 2016/05/16 v1.14 Construct package bundles (HO)
Package: infwarerr 2016/05/16 v1.4 Providing info/warning/error messages (HO)
Package: ltxcmds 2016/05/16 v1.23 LaTeX kernel commands for general use (HO)
Package: ifluatex 2016/05/16 v1.4 Provides the ifluatex switch (HO)
Package ifluatex Info: LuaTeX not detected.
Package: ifvtex 2016/05/16 v1.6 Detect VTeX and its facilities (HO)
Package ifvtex Info: VTeX not detected.
Package: intcalc 2016/05/16 v1.2 Expandable calculations with integers (HO)
Package: ifpdf 2017/03/15 v3.2 Provides the ifpdf switch
Package: etexcmds 2016/05/16 v1.6 Avoid name clashes with e-TeX commands (HO)
Package etexcmds Info: Could not find \expanded.
(etexcmds)             That can mean that you are not using pdfTeX 1.50 or
(etexcmds)             that some package has redefined \expanded.
(etexcmds)             In the latter case, load this package earlier.
Package: kvsetkeys 2016/05/16 v1.17 Key value parser (HO)
Package: kvdefinekeys 2016/05/16 v1.4 Define keys (HO)
Package: pdftexcmds 2018/01/21 v0.26 Utility functions of pdfTeX for LuaTeX (HO
)
Package pdftexcmds Info: LuaTeX not detected.
Package pdftexcmds Info: \pdf@primitive is available.
Package pdftexcmds Info: \pdf@ifprimitive is available.
Package pdftexcmds Info: \pdfdraftmode found.
Package: pdfescape 2016/05/16 v1.14 Implements pdfTeX's escape features (HO)
Package: bigintcalc 2016/05/16 v1.4 Expandable calculations on big integers (HO
)
Package: bitset 2016/05/16 v1.2 Handle bit-vector datatype (HO)
Package: uniquecounter 2016/05/16 v1.3 Provide unlimited unique counter (HO)
)
Package hobsub Info: Skipping package `hobsub' (already loaded).
Package: letltxmacro 2016/05/16 v1.5 Let assignment for LaTeX macros (HO)
Package: hopatch 2016/05/16 v1.3 Wrapper for package hooks (HO)
Package: xcolor-patch 2016/05/16 xcolor patch
Package: atveryend 2016/05/16 v1.9 Hooks at the very end of document (HO)
Package atveryend Info: \enddocument detected (standard20110627).
Package: atbegshi 2016/06/09 v1.18 At begin shipout hook (HO)
Package: refcount 2016/05/16 v3.5 Data extraction from label references (HO)
Package: hycolor 2016/05/16 v1.8 Color options for hyperref/bookmark (HO)
)
("C:\Users\Aleman\AppData\Local\Programs\MiKTeX 2.9\tex\generic\ifxetex\ifxetex
.sty"
Package: ifxetex 2010/09/12 v0.6 Provides ifxetex conditional
)
("C:\Users\Aleman\AppData\Local\Programs\MiKTeX 2.9\tex\latex\oberdiek\auxhook.
sty"
Package: auxhook 2016/05/16 v1.4 Hooks for auxiliary files (HO)
)
("C:\Users\Aleman\AppData\Local\Programs\MiKTeX 2.9\tex\latex\oberdiek\kvoption
s.sty"
Package: kvoptions 2016/05/16 v3.12 Key value format for package options (HO)
)
\@linkdim=\dimen121
\Hy@linkcounter=\count103
\Hy@pagecounter=\count104

("C:\Users\Aleman\AppData\Local\Programs\MiKTeX 2.9\tex\latex\hyperref\pd1enc.d
ef"
File: pd1enc.def 2018/02/06 v6.86b Hyperref: PDFDocEncoding definition (HO)
)
\Hy@SavedSpaceFactor=\count105

("C:\Users\Aleman\AppData\Local\Programs\MiKTeX 2.9\tex\latex\00miktex\hyperref
.cfg"
File: hyperref.cfg 2002/06/06 v1.2 hyperref configuration of TeXLive
)
Package hyperref Info: Hyper figures OFF on input line 4509.
Package hyperref Info: Link nesting OFF on input line 4514.
Package hyperref Info: Hyper index ON on input line 4517.
Package hyperref Info: Plain pages OFF on input line 4524.
Package hyperref Info: Backreferencing OFF on input line 4529.
Package hyperref Info: Implicit mode ON; LaTeX internals redefined.
Package hyperref Info: Bookmarks ON on input line 4762.
\c@Hy@tempcnt=\count106
 ("C:\Users\Aleman\AppData\Local\Programs\MiKTeX 2.9\tex\latex\url\url.sty"
\Urlmuskip=\muskip11
Package: url 2013/09/16  ver 3.4  Verb mode for urls, etc.
)
LaTeX Info: Redefining \url on input line 5115.
\XeTeXLinkMargin=\dimen122
\Fld@menulength=\count107
\Field@Width=\dimen123
\Fld@charsize=\dimen124
Package hyperref Info: Hyper figures OFF on input line 6369.
Package hyperref Info: Link nesting OFF on input line 6374.
Package hyperref Info: Hyper index ON on input line 6377.
Package hyperref Info: backreferencing OFF on input line 6384.
Package hyperref Info: Link coloring OFF on input line 6389.
Package hyperref Info: Link coloring with OCG OFF on input line 6394.
Package hyperref Info: PDF/A mode OFF on input line 6399.
LaTeX Info: Redefining \ref on input line 6439.
LaTeX Info: Redefining \pageref on input line 6443.
\Hy@abspage=\count108
\c@Item=\count109
\c@Hfootnote=\count110
)
Package hyperref Info: Driver (autodetected): hpdftex.

("C:\Users\Aleman\AppData\Local\Programs\MiKTeX 2.9\tex\latex\hyperref\hpdftex.
def"
File: hpdftex.def 2018/02/06 v6.86b Hyperref driver for pdfTeX
\Fld@listcount=\count111
\c@bookmark@seq@number=\count112

("C:\Users\Aleman\AppData\Local\Programs\MiKTeX 2.9\tex\latex\oberdiek\rerunfil
echeck.sty"
Package: rerunfilecheck 2016/05/16 v1.8 Rerun checks for auxiliary files (HO)
Package uniquecounter Info: New unique counter `rerunfilecheck' on input line 2
82.
)
\Hy@SectionHShift=\skip51
)
("C:\Users\Aleman\AppData\Local\Programs\MiKTeX 2.9\tex\latex\appendix\appendix
.sty"
Package: appendix 2009/09/02 v1.2b extra appendix facilities
\c@@pps=\count113
\c@@ppsavesec=\count114
\c@@ppsaveapp=\count115
)
("C:\Users\Aleman\AppData\Local\Programs\MiKTeX 2.9\tex\latex\oberdiek\pdflscap
e.sty"
Package: pdflscape 2016/05/14 v0.11 Display of landscape pages in PDF (HO)

("C:\Users\Aleman\AppData\Local\Programs\MiKTeX 2.9\tex\latex\graphics\lscape.s
ty"
Package: lscape 2000/10/22 v3.01 Landscape Pages (DPC)
)
Package pdflscape Info: Auto-detected driver: pdftex on input line 81.
)
("C:\Users\Aleman\AppData\Local\Programs\MiKTeX 2.9\tex\latex\booktabs\booktabs
.sty"
Package: booktabs 2005/04/14 v1.61803 publication quality tables
\heavyrulewidth=\dimen125
\lightrulewidth=\dimen126
\cmidrulewidth=\dimen127
\belowrulesep=\dimen128
\belowbottomsep=\dimen129
\aboverulesep=\dimen130
\abovetopsep=\dimen131
\cmidrulesep=\dimen132
\cmidrulekern=\dimen133
\defaultaddspace=\dimen134
\@cmidla=\count116
\@cmidlb=\count117
\@aboverulesep=\dimen135
\@belowrulesep=\dimen136
\@thisruleclass=\count118
\@lastruleclass=\count119
\@thisrulewidth=\dimen137
)
("C:\Users\Aleman\AppData\Local\Programs\MiKTeX 2.9\tex\latex\tools\longtable.s
ty"
Package: longtable 2014/10/28 v4.11 Multi-page Table package (DPC)
\LTleft=\skip52
\LTright=\skip53
\LTpre=\skip54
\LTpost=\skip55
\LTchunksize=\count120
\LTcapwidth=\dimen138
\LT@head=\box28
\LT@firsthead=\box29
\LT@foot=\box30
\LT@lastfoot=\box31
\LT@cols=\count121
\LT@rows=\count122
\c@LT@tables=\count123
\c@LT@chunks=\count124
\LT@p@ftn=\toks26
)
("C:\Users\Aleman\AppData\Local\Programs\MiKTeX 2.9\tex\latex\xcolor\xcolor.sty
"
Package: xcolor 2016/05/11 v2.12 LaTeX color extensions (UK)

("C:\Users\Aleman\AppData\Local\Programs\MiKTeX 2.9\tex\latex\graphics-cfg\colo
r.cfg"
File: color.cfg 2016/01/02 v1.6 sample color configuration
)
Package xcolor Info: Driver file: pdftex.def on input line 225.
Package xcolor Info: Model `cmy' substituted by `cmy0' on input line 1348.
Package xcolor Info: Model `hsb' substituted by `rgb' on input line 1352.
Package xcolor Info: Model `RGB' extended on input line 1364.
Package xcolor Info: Model `HTML' substituted by `rgb' on input line 1366.
Package xcolor Info: Model `Hsb' substituted by `hsb' on input line 1367.
Package xcolor Info: Model `tHsb' substituted by `hsb' on input line 1368.
Package xcolor Info: Model `HSB' substituted by `hsb' on input line 1369.
Package xcolor Info: Model `Gray' substituted by `gray' on input line 1370.
Package xcolor Info: Model `wave' substituted by `hsb' on input line 1371.
)
("C:\Users\Aleman\AppData\Local\Programs\MiKTeX 2.9\tex\latex\pgf\frontendlayer
\tikz.sty"
("C:\Users\Aleman\AppData\Local\Programs\MiKTeX 2.9\tex\latex\pgf\basiclayer\pg
f.sty"
("C:\Users\Aleman\AppData\Local\Programs\MiKTeX 2.9\tex\latex\pgf\utilities\pgf
rcs.sty"
("C:\Users\Aleman\AppData\Local\Programs\MiKTeX 2.9\tex\generic\pgf\utilities\p
gfutil-common.tex"
\pgfutil@everybye=\toks27
\pgfutil@tempdima=\dimen139
\pgfutil@tempdimb=\dimen140

("C:\Users\Aleman\AppData\Local\Programs\MiKTeX 2.9\tex\generic\pgf\utilities\p
gfutil-common-lists.tex"))
("C:\Users\Aleman\AppData\Local\Programs\MiKTeX 2.9\tex\generic\pgf\utilities\p
gfutil-latex.def"
\pgfutil@abb=\box32

("C:\Users\Aleman\AppData\Local\Programs\MiKTeX 2.9\tex\latex\ms\everyshi.sty"
Package: everyshi 2001/05/15 v3.00 EveryShipout Package (MS)
))
("C:\Users\Aleman\AppData\Local\Programs\MiKTeX 2.9\tex\generic\pgf\utilities\p
gfrcs.code.tex"
Package: pgfrcs 2015/08/07 v3.0.1a (rcs-revision 1.31)
))
Package: pgf 2015/08/07 v3.0.1a (rcs-revision 1.15)

("C:\Users\Aleman\AppData\Local\Programs\MiKTeX 2.9\tex\latex\pgf\basiclayer\pg
fcore.sty"
("C:\Users\Aleman\AppData\Local\Programs\MiKTeX 2.9\tex\latex\pgf\systemlayer\p
gfsys.sty"
("C:\Users\Aleman\AppData\Local\Programs\MiKTeX 2.9\tex\generic\pgf\systemlayer
\pgfsys.code.tex"
Package: pgfsys 2014/07/09 v3.0.1a (rcs-revision 1.48)

("C:\Users\Aleman\AppData\Local\Programs\MiKTeX 2.9\tex\generic\pgf\utilities\p
gfkeys.code.tex"
\pgfkeys@pathtoks=\toks28
\pgfkeys@temptoks=\toks29

("C:\Users\Aleman\AppData\Local\Programs\MiKTeX 2.9\tex\generic\pgf\utilities\p
gfkeysfiltered.code.tex"
\pgfkeys@tmptoks=\toks30
))
\pgf@x=\dimen141
\pgf@y=\dimen142
\pgf@xa=\dimen143
\pgf@ya=\dimen144
\pgf@xb=\dimen145
\pgf@yb=\dimen146
\pgf@xc=\dimen147
\pgf@yc=\dimen148
\w@pgf@writea=\write3
\r@pgf@reada=\read1
\c@pgf@counta=\count125
\c@pgf@countb=\count126
\c@pgf@countc=\count127
\c@pgf@countd=\count128
\t@pgf@toka=\toks31
\t@pgf@tokb=\toks32
\t@pgf@tokc=\toks33

("C:\Users\Aleman\AppData\Local\Programs\MiKTeX 2.9\tex\generic\pgf\systemlayer
\pgf.cfg"
File: pgf.cfg 2008/05/14  (rcs-revision 1.7)
)
Driver file for pgf: pgfsys-pdftex.def

("C:\Users\Aleman\AppData\Local\Programs\MiKTeX 2.9\tex\generic\pgf\systemlayer
\pgfsys-pdftex.def"
File: pgfsys-pdftex.def 2014/10/11  (rcs-revision 1.35)

("C:\Users\Aleman\AppData\Local\Programs\MiKTeX 2.9\tex\generic\pgf\systemlayer
\pgfsys-common-pdf.def"
File: pgfsys-common-pdf.def 2013/10/10  (rcs-revision 1.13)
)))
("C:\Users\Aleman\AppData\Local\Programs\MiKTeX 2.9\tex\generic\pgf\systemlayer
\pgfsyssoftpath.code.tex"
File: pgfsyssoftpath.code.tex 2013/09/09  (rcs-revision 1.9)
\pgfsyssoftpath@smallbuffer@items=\count129
\pgfsyssoftpath@bigbuffer@items=\count130
)
("C:\Users\Aleman\AppData\Local\Programs\MiKTeX 2.9\tex\generic\pgf\systemlayer
\pgfsysprotocol.code.tex"
File: pgfsysprotocol.code.tex 2006/10/16  (rcs-revision 1.4)
))
("C:\Users\Aleman\AppData\Local\Programs\MiKTeX 2.9\tex\generic\pgf\basiclayer\
pgfcore.code.tex"
Package: pgfcore 2010/04/11 v3.0.1a (rcs-revision 1.7)

("C:\Users\Aleman\AppData\Local\Programs\MiKTeX 2.9\tex\generic\pgf\math\pgfmat
h.code.tex"
("C:\Users\Aleman\AppData\Local\Programs\MiKTeX 2.9\tex\generic\pgf\math\pgfmat
hcalc.code.tex"
("C:\Users\Aleman\AppData\Local\Programs\MiKTeX 2.9\tex\generic\pgf\math\pgfmat
hutil.code.tex")
("C:\Users\Aleman\AppData\Local\Programs\MiKTeX 2.9\tex\generic\pgf\math\pgfmat
hparser.code.tex"
\pgfmath@dimen=\dimen149
\pgfmath@count=\count131
\pgfmath@box=\box33
\pgfmath@toks=\toks34
\pgfmath@stack@operand=\toks35
\pgfmath@stack@operation=\toks36
)
("C:\Users\Aleman\AppData\Local\Programs\MiKTeX 2.9\tex\generic\pgf\math\pgfmat
hfunctions.code.tex"
("C:\Users\Aleman\AppData\Local\Programs\MiKTeX 2.9\tex\generic\pgf\math\pgfmat
hfunctions.basic.code.tex")
("C:\Users\Aleman\AppData\Local\Programs\MiKTeX 2.9\tex\generic\pgf\math\pgfmat
hfunctions.trigonometric.code.tex")
("C:\Users\Aleman\AppData\Local\Programs\MiKTeX 2.9\tex\generic\pgf\math\pgfmat
hfunctions.random.code.tex")
("C:\Users\Aleman\AppData\Local\Programs\MiKTeX 2.9\tex\generic\pgf\math\pgfmat
hfunctions.comparison.code.tex")
("C:\Users\Aleman\AppData\Local\Programs\MiKTeX 2.9\tex\generic\pgf\math\pgfmat
hfunctions.base.code.tex")
("C:\Users\Aleman\AppData\Local\Programs\MiKTeX 2.9\tex\generic\pgf\math\pgfmat
hfunctions.round.code.tex")
("C:\Users\Aleman\AppData\Local\Programs\MiKTeX 2.9\tex\generic\pgf\math\pgfmat
hfunctions.misc.code.tex")
("C:\Users\Aleman\AppData\Local\Programs\MiKTeX 2.9\tex\generic\pgf\math\pgfmat
hfunctions.integerarithmetics.code.tex")))
("C:\Users\Aleman\AppData\Local\Programs\MiKTeX 2.9\tex\generic\pgf\math\pgfmat
hfloat.code.tex"
\c@pgfmathroundto@lastzeros=\count132
))
("C:\Users\Aleman\AppData\Local\Programs\MiKTeX 2.9\tex\generic\pgf\basiclayer\
pgfcorepoints.code.tex"
File: pgfcorepoints.code.tex 2013/10/07  (rcs-revision 1.27)
\pgf@picminx=\dimen150
\pgf@picmaxx=\dimen151
\pgf@picminy=\dimen152
\pgf@picmaxy=\dimen153
\pgf@pathminx=\dimen154
\pgf@pathmaxx=\dimen155
\pgf@pathminy=\dimen156
\pgf@pathmaxy=\dimen157
\pgf@xx=\dimen158
\pgf@xy=\dimen159
\pgf@yx=\dimen160
\pgf@yy=\dimen161
\pgf@zx=\dimen162
\pgf@zy=\dimen163
)
("C:\Users\Aleman\AppData\Local\Programs\MiKTeX 2.9\tex\generic\pgf\basiclayer\
pgfcorepathconstruct.code.tex"
File: pgfcorepathconstruct.code.tex 2013/10/07  (rcs-revision 1.29)
\pgf@path@lastx=\dimen164
\pgf@path@lasty=\dimen165
)
("C:\Users\Aleman\AppData\Local\Programs\MiKTeX 2.9\tex\generic\pgf\basiclayer\
pgfcorepathusage.code.tex"
File: pgfcorepathusage.code.tex 2014/11/02  (rcs-revision 1.24)
\pgf@shorten@end@additional=\dimen166
\pgf@shorten@start@additional=\dimen167
)
("C:\Users\Aleman\AppData\Local\Programs\MiKTeX 2.9\tex\generic\pgf\basiclayer\
pgfcorescopes.code.tex"
File: pgfcorescopes.code.tex 2015/05/08  (rcs-revision 1.46)
\pgfpic=\box34
\pgf@hbox=\box35
\pgf@layerbox@main=\box36
\pgf@picture@serial@count=\count133
)
("C:\Users\Aleman\AppData\Local\Programs\MiKTeX 2.9\tex\generic\pgf\basiclayer\
pgfcoregraphicstate.code.tex"
File: pgfcoregraphicstate.code.tex 2014/11/02  (rcs-revision 1.12)
\pgflinewidth=\dimen168
)
("C:\Users\Aleman\AppData\Local\Programs\MiKTeX 2.9\tex\generic\pgf\basiclayer\
pgfcoretransformations.code.tex"
File: pgfcoretransformations.code.tex 2015/08/07  (rcs-revision 1.20)
\pgf@pt@x=\dimen169
\pgf@pt@y=\dimen170
\pgf@pt@temp=\dimen171
)
("C:\Users\Aleman\AppData\Local\Programs\MiKTeX 2.9\tex\generic\pgf\basiclayer\
pgfcorequick.code.tex"
File: pgfcorequick.code.tex 2008/10/09  (rcs-revision 1.3)
)
("C:\Users\Aleman\AppData\Local\Programs\MiKTeX 2.9\tex\generic\pgf\basiclayer\
pgfcoreobjects.code.tex"
File: pgfcoreobjects.code.tex 2006/10/11  (rcs-revision 1.2)
)
("C:\Users\Aleman\AppData\Local\Programs\MiKTeX 2.9\tex\generic\pgf\basiclayer\
pgfcorepathprocessing.code.tex"
File: pgfcorepathprocessing.code.tex 2013/09/09  (rcs-revision 1.9)
)
("C:\Users\Aleman\AppData\Local\Programs\MiKTeX 2.9\tex\generic\pgf\basiclayer\
pgfcorearrows.code.tex"
File: pgfcorearrows.code.tex 2015/05/14  (rcs-revision 1.43)
\pgfarrowsep=\dimen172
)
("C:\Users\Aleman\AppData\Local\Programs\MiKTeX 2.9\tex\generic\pgf\basiclayer\
pgfcoreshade.code.tex"
File: pgfcoreshade.code.tex 2013/07/15  (rcs-revision 1.15)
\pgf@max=\dimen173
\pgf@sys@shading@range@num=\count134
)
("C:\Users\Aleman\AppData\Local\Programs\MiKTeX 2.9\tex\generic\pgf\basiclayer\
pgfcoreimage.code.tex"
File: pgfcoreimage.code.tex 2013/07/15  (rcs-revision 1.18)

("C:\Users\Aleman\AppData\Local\Programs\MiKTeX 2.9\tex\generic\pgf\basiclayer\
pgfcoreexternal.code.tex"
File: pgfcoreexternal.code.tex 2014/07/09  (rcs-revision 1.21)
\pgfexternal@startupbox=\box37
))
("C:\Users\Aleman\AppData\Local\Programs\MiKTeX 2.9\tex\generic\pgf\basiclayer\
pgfcorelayers.code.tex"
File: pgfcorelayers.code.tex 2013/07/18  (rcs-revision 1.7)
)
("C:\Users\Aleman\AppData\Local\Programs\MiKTeX 2.9\tex\generic\pgf\basiclayer\
pgfcoretransparency.code.tex"
File: pgfcoretransparency.code.tex 2013/09/30  (rcs-revision 1.5)
)
("C:\Users\Aleman\AppData\Local\Programs\MiKTeX 2.9\tex\generic\pgf\basiclayer\
pgfcorepatterns.code.tex"
File: pgfcorepatterns.code.tex 2013/11/07  (rcs-revision 1.5)
)))
("C:\Users\Aleman\AppData\Local\Programs\MiKTeX 2.9\tex\generic\pgf\modules\pgf
moduleshapes.code.tex"
File: pgfmoduleshapes.code.tex 2014/03/21  (rcs-revision 1.35)
\pgfnodeparttextbox=\box38
)
("C:\Users\Aleman\AppData\Local\Programs\MiKTeX 2.9\tex\generic\pgf\modules\pgf
moduleplot.code.tex"
File: pgfmoduleplot.code.tex 2015/08/03  (rcs-revision 1.13)
)
("C:\Users\Aleman\AppData\Local\Programs\MiKTeX 2.9\tex\latex\pgf\compatibility
\pgfcomp-version-0-65.sty"
Package: pgfcomp-version-0-65 2007/07/03 v3.0.1a (rcs-revision 1.7)
\pgf@nodesepstart=\dimen174
\pgf@nodesepend=\dimen175
)
("C:\Users\Aleman\AppData\Local\Programs\MiKTeX 2.9\tex\latex\pgf\compatibility
\pgfcomp-version-1-18.sty"
Package: pgfcomp-version-1-18 2007/07/23 v3.0.1a (rcs-revision 1.1)
))
("C:\Users\Aleman\AppData\Local\Programs\MiKTeX 2.9\tex\latex\pgf\utilities\pgf
for.sty"
("C:\Users\Aleman\AppData\Local\Programs\MiKTeX 2.9\tex\latex\pgf\utilities\pgf
keys.sty"
("C:\Users\Aleman\AppData\Local\Programs\MiKTeX 2.9\tex\generic\pgf\utilities\p
gfkeys.code.tex"))
("C:\Users\Aleman\AppData\Local\Programs\MiKTeX 2.9\tex\latex\pgf\math\pgfmath.
sty"
("C:\Users\Aleman\AppData\Local\Programs\MiKTeX 2.9\tex\generic\pgf\math\pgfmat
h.code.tex"))
("C:\Users\Aleman\AppData\Local\Programs\MiKTeX 2.9\tex\generic\pgf\utilities\p
gffor.code.tex"
Package: pgffor 2013/12/13 v3.0.1a (rcs-revision 1.25)

("C:\Users\Aleman\AppData\Local\Programs\MiKTeX 2.9\tex\generic\pgf\math\pgfmat
h.code.tex")
\pgffor@iter=\dimen176
\pgffor@skip=\dimen177
\pgffor@stack=\toks37
\pgffor@toks=\toks38
))
("C:\Users\Aleman\AppData\Local\Programs\MiKTeX 2.9\tex\generic\pgf\frontendlay
er\tikz\tikz.code.tex"
Package: tikz 2015/08/07 v3.0.1a (rcs-revision 1.151)

("C:\Users\Aleman\AppData\Local\Programs\MiKTeX 2.9\tex\generic\pgf\libraries\p
gflibraryplothandlers.code.tex"
File: pgflibraryplothandlers.code.tex 2013/08/31 v3.0.1a (rcs-revision 1.20)
\pgf@plot@mark@count=\count135
\pgfplotmarksize=\dimen178
)
\tikz@lastx=\dimen179
\tikz@lasty=\dimen180
\tikz@lastxsaved=\dimen181
\tikz@lastysaved=\dimen182
\tikzleveldistance=\dimen183
\tikzsiblingdistance=\dimen184
\tikz@figbox=\box39
\tikz@figbox@bg=\box40
\tikz@tempbox=\box41
\tikz@tempbox@bg=\box42
\tikztreelevel=\count136
\tikznumberofchildren=\count137
\tikznumberofcurrentchild=\count138
\tikz@fig@count=\count139

("C:\Users\Aleman\AppData\Local\Programs\MiKTeX 2.9\tex\generic\pgf\modules\pgf
modulematrix.code.tex"
File: pgfmodulematrix.code.tex 2013/09/17  (rcs-revision 1.8)
\pgfmatrixcurrentrow=\count140
\pgfmatrixcurrentcolumn=\count141
\pgf@matrix@numberofcolumns=\count142
)
\tikz@expandcount=\count143

("C:\Users\Aleman\AppData\Local\Programs\MiKTeX 2.9\tex\generic\pgf\frontendlay
er\tikz\libraries\tikzlibrarytopaths.code.tex"
File: tikzlibrarytopaths.code.tex 2008/06/17 v3.0.1a (rcs-revision 1.2)
)))
("C:\Users\Aleman\AppData\Local\Programs\MiKTeX 2.9\tex\latex\float\float.sty"
Package: float 2001/11/08 v1.3d Float enhancements (AL)
\c@float@type=\count144
\float@exts=\toks39
\float@box=\box43
\@float@everytoks=\toks40
\@floatcapt=\box44
)
("C:\Users\Aleman\AppData\Local\Programs\MiKTeX 2.9\tex\latex\setspace\setspace
.sty"
Package: setspace 2011/12/19 v6.7a set line spacing
)
("C:\Users\Aleman\AppData\Local\Programs\MiKTeX 2.9\tex\latex\breqn\breqn.sty"
("C:\Users\Aleman\AppData\Local\Programs\MiKTeX 2.9\tex\latex\l3kernel\expl3.st
y"
Package: expl3 2018-06-01 L3 programming layer (loader) 

("C:\Users\Aleman\AppData\Local\Programs\MiKTeX 2.9\tex\latex\l3kernel\expl3-co
de.tex"
Package: expl3 2018-06-01 L3 programming layer (code)
\c_max_int=\count145
\l_tmpa_int=\count146
\l_tmpb_int=\count147
\g_tmpa_int=\count148
\g_tmpb_int=\count149
\g__kernel_prg_map_int=\count150
\c_log_iow=\count151
\l_iow_line_count_int=\count152
\l__iow_line_target_int=\count153
\l__iow_one_indent_int=\count154
\l__iow_indent_int=\count155
\c_zero_dim=\dimen185
\c_max_dim=\dimen186
\l_tmpa_dim=\dimen187
\l_tmpb_dim=\dimen188
\g_tmpa_dim=\dimen189
\g_tmpb_dim=\dimen190
\c_zero_skip=\skip56
\c_max_skip=\skip57
\l_tmpa_skip=\skip58
\l_tmpb_skip=\skip59
\g_tmpa_skip=\skip60
\g_tmpb_skip=\skip61
\c_zero_muskip=\muskip12
\c_max_muskip=\muskip13
\l_tmpa_muskip=\muskip14
\l_tmpb_muskip=\muskip15
\g_tmpa_muskip=\muskip16
\g_tmpb_muskip=\muskip17
\l_keys_choice_int=\count156
\l__intarray_loop_int=\count157
\c__intarray_sp_dim=\dimen191
\g__intarray_font_int=\count158
\c__fp_leading_shift_int=\count159
\c__fp_middle_shift_int=\count160
\c__fp_trailing_shift_int=\count161
\c__fp_big_leading_shift_int=\count162
\c__fp_big_middle_shift_int=\count163
\c__fp_big_trailing_shift_int=\count164
\c__fp_Bigg_leading_shift_int=\count165
\c__fp_Bigg_middle_shift_int=\count166
\c__fp_Bigg_trailing_shift_int=\count167
\c__kernel_randint_max_int=\count168
\g__fp_array_int=\count169
\l__fp_array_loop_int=\count170
\l__sort_length_int=\count171
\l__sort_min_int=\count172
\l__sort_top_int=\count173
\l__sort_max_int=\count174
\l__sort_true_max_int=\count175
\l__sort_block_int=\count176
\l__sort_begin_int=\count177
\l__sort_end_int=\count178
\l__sort_A_int=\count179
\l__sort_B_int=\count180
\l__sort_C_int=\count181
\l__tl_analysis_normal_int=\count182
\l__tl_analysis_index_int=\count183
\l__tl_analysis_nesting_int=\count184
\l__tl_analysis_type_int=\count185
\l__regex_internal_a_int=\count186
\l__regex_internal_b_int=\count187
\l__regex_internal_c_int=\count188
\l__regex_balance_int=\count189
\l__regex_group_level_int=\count190
\l__regex_mode_int=\count191
\c__regex_cs_in_class_mode_int=\count192
\c__regex_cs_mode_int=\count193
\l__regex_catcodes_int=\count194
\l__regex_default_catcodes_int=\count195
\c__regex_catcode_D_int=\count196
\c__regex_catcode_S_int=\count197
\c__regex_catcode_L_int=\count198
\c__regex_catcode_O_int=\count199
\c__regex_catcode_A_int=\count266
\c__regex_all_catcodes_int=\count267
\l__regex_show_lines_int=\count268
\l__regex_min_state_int=\count269
\l__regex_max_state_int=\count270
\l__regex_left_state_int=\count271
\l__regex_right_state_int=\count272
\l__regex_capturing_group_int=\count273
\l__regex_min_pos_int=\count274
\l__regex_max_pos_int=\count275
\l__regex_curr_pos_int=\count276
\l__regex_start_pos_int=\count277
\l__regex_success_pos_int=\count278
\l__regex_curr_char_int=\count279
\l__regex_curr_catcode_int=\count280
\l__regex_last_char_int=\count281
\l__regex_case_changed_char_int=\count282
\l__regex_curr_state_int=\count283
\l__regex_step_int=\count284
\l__regex_min_active_int=\count285
\l__regex_max_active_int=\count286
\l__regex_replacement_csnames_int=\count287
\l__regex_match_count_int=\count288
\l__regex_min_submatch_int=\count289
\l__regex_submatch_int=\count290
\l__regex_zeroth_submatch_int=\count291
\g__regex_trace_regex_int=\count292
\c_empty_box=\box45
\l_tmpa_box=\box46
\l_tmpb_box=\box47
\g_tmpa_box=\box48
\g_tmpb_box=\box49
\l__box_top_dim=\dimen192
\l__box_bottom_dim=\dimen193
\l__box_left_dim=\dimen194
\l__box_right_dim=\dimen195
\l__box_top_new_dim=\dimen196
\l__box_bottom_new_dim=\dimen197
\l__box_left_new_dim=\dimen198
\l__box_right_new_dim=\dimen199
\l__box_internal_box=\box50
\l__coffin_internal_box=\box51
\l__coffin_internal_dim=\dimen256
\l__coffin_offset_x_dim=\dimen257
\l__coffin_offset_y_dim=\dimen258
\l__coffin_x_dim=\dimen259
\l__coffin_y_dim=\dimen260
\l__coffin_x_prime_dim=\dimen261
\l__coffin_y_prime_dim=\dimen262
\c_empty_coffin=\box52
\l__coffin_aligned_coffin=\box53
\l__coffin_aligned_internal_coffin=\box54
\l_tmpa_coffin=\box55
\l_tmpb_coffin=\box56
\l__coffin_display_coffin=\box57
\l__coffin_display_coord_coffin=\box58
\l__coffin_display_pole_coffin=\box59
\l__coffin_display_offset_dim=\dimen263
\l__coffin_display_x_dim=\dimen264
\l__coffin_display_y_dim=\dimen265
\g__file_internal_ior=\read2
\l__coffin_bounding_shift_dim=\dimen266
\l__coffin_left_corner_dim=\dimen267
\l__coffin_right_corner_dim=\dimen268
\l__coffin_bottom_corner_dim=\dimen269
\l__coffin_top_corner_dim=\dimen270
\l__coffin_scaled_total_height_dim=\dimen271
\l__coffin_scaled_width_dim=\dimen272
\l__seq_internal_a_int=\count293
\l__seq_internal_b_int=\count294
)
("C:\Users\Aleman\AppData\Local\Programs\MiKTeX 2.9\tex\latex\l3kernel\l3pdfmod
e.def"
File: l3pdfmode.def 2018-06-01 v L3 Experimental driver: PDF mode
\l__driver_color_stack_int=\count295
))
Package: breqn 2017/01/27 v0.98e Breaking equations

("C:\Users\Aleman\AppData\Local\Programs\MiKTeX 2.9\tex\latex\breqn\flexisym.st
y"
Package: flexisym 2017/01/27 v0.98e Make math characters macros
LaTeX Info: Redefining \textprime on input line 300.
LaTeX Info: Redefining \not on input line 358.

("C:\Users\Aleman\AppData\Local\Programs\MiKTeX 2.9\tex\latex\breqn\cmbase.sym"
File: cmbase.sym 2007/12/19 v0.92
LaTeX Info: Redefining \hbar on input line 325.
LaTeX Info: Redefining \surd on input line 327.
LaTeX Info: Redefining \angle on input line 335.
LaTeX Info: Redefining \neq on input line 336.
LaTeX Info: Redefining \mapsto on input line 337.
LaTeX Info: Redefining \cong on input line 338.
LaTeX Info: Redefining \notin on input line 341.
LaTeX Info: Redefining \rightleftharpoons on input line 342.
LaTeX Info: Redefining \doteq on input line 343.
LaTeX Info: Redefining \hookrightarrow on input line 344.
LaTeX Info: Redefining \hookleftarrow on input line 345.
LaTeX Info: Redefining \bowtie on input line 346.
LaTeX Info: Redefining \models on input line 347.
LaTeX Info: Redefining \Longrightarrow on input line 348.
LaTeX Info: Redefining \longrightarrow on input line 349.
LaTeX Info: Redefining \Longleftarrow on input line 350.
LaTeX Info: Redefining \longleftarrow on input line 351.
LaTeX Info: Redefining \longmapsto on input line 352.
LaTeX Info: Redefining \longleftrightarrow on input line 353.
LaTeX Info: Redefining \Longleftrightarrow on input line 354.
LaTeX Info: Redefining \cdots on input line 358.
LaTeX Info: Redefining \vdots on input line 361.
LaTeX Info: Redefining \ddots on input line 366.
)
("C:\Users\Aleman\AppData\Local\Programs\MiKTeX 2.9\tex\latex\breqn\mathstyle.s
ty"
Package: mathstyle 2017/01/27 0.98e Tracking mathstyle implicitly
LaTeX Info: Redefining \displaystyle on input line 93.
LaTeX Info: Redefining \textstyle on input line 95.
LaTeX Info: Redefining \scriptstyle on input line 97.
LaTeX Info: Redefining \scriptscriptstyle on input line 99.
LaTeX Info: Redefining \genfrac on input line 145.
))
("C:\Users\Aleman\AppData\Local\Programs\MiKTeX 2.9\tex\latex\tools\calc.sty"
Package: calc 2014/10/28 v4.3 Infix arithmetic (KKT,FJ)
\calc@Acount=\count296
\calc@Bcount=\count297
\calc@Adimen=\dimen273
\calc@Bdimen=\dimen274
\calc@Askip=\skip62
\calc@Bskip=\skip63
LaTeX Info: Redefining \setlength on input line 80.
LaTeX Info: Redefining \addtolength on input line 81.
\calc@Ccount=\count298
\calc@Cskip=\skip64
)
\inf@bad=\count299
\maxint=\count300
\listwidth=\dimen275
\eqnumsep=\dimen276
\eqmargin=\dimen277
\eqlinespacing=\skip65
\eqlineskip=\skip66
\eqlineskiplimit=\dimen278
\eqbinoffset=\muskip18
\eqdelimoffset=\muskip19
\eqindentstep=\dimen279
\eqstyle=\toks41
\eqbreakdepth=\count301
\eqinterlinepenalty=\count302
\intereqpenalty=\count303
\intereqskip=\skip67
\prerelpenalty=\count304
\prebinoppenalty=\count305
\Dmedmuskip=\muskip20
\Dthickmuskip=\muskip21
\eqleftskip=\skip68
\eqrightskip=\skip69
\eq@vspan=\skip70
\eq@binoffset=\muskip22
\EQ@box=\box60
\EQ@copy=\box61
\EQ@numbox=\box62
\eq@wdNum=\dimen280
\GRP@numbox=\box63
\grp@wdNum=\dimen281
\eq@lines=\count306
\eq@curline=\count307
\eq@badness=\count308
\EQ@vims=\count309
\eq@dp=\dimen282
\eq@wdL=\dimen283
\eq@wdT=\dimen284
\eq@wdMin=\dimen285
\grp@wdL=\dimen286
\grp@wdR=\dimen287
\grp@wdT=\dimen288
\eq@wdRmax=\dimen289
\eq@firstht=\dimen290
\eq@wdCond=\dimen291
\eq@indentstep=\dimen292
\eq@linewidth=\dimen293
\grp@linewidth=\dimen294
\eq@hshift=\dimen295
\eq@given@sidespace=\dimen296
\mathindent=\dimen297
\eq@final@linecount=\count310
\eq@wdR=\dimen298
\EQ@continue=\toks42
\lr@level=\count311
\GRP@queue=\toks43
\GRP@box=\box64
\GRP@wholebox=\box65
\darraycolsep=\skip71
\cur@row=\count312
\cur@col=\count313
\conditionsep=\skip72
) ("C:\Users\Aleman\AppData\Local\Programs\MiKTeX 2.9\tex\latex\tabu\tabu.sty"
Package: tabu 2011/02/26 v2.8 - flexible LaTeX tabulars (FC)

("C:\Users\Aleman\AppData\Local\Programs\MiKTeX 2.9\tex\latex\tools\array.sty"
Package: array 2016/10/06 v2.4d Tabular extension package (FMi)
\col@sep=\dimen299
\extrarowheight=\dimen300
\NC@list=\toks44
\extratabsurround=\skip73
\backup@length=\skip74
)
("C:\Users\Aleman\AppData\Local\Programs\MiKTeX 2.9\tex\latex\ltxmisc\varwidth.
sty"
Package: varwidth 2009/03/30 ver 0.92;  Variable-width minipages
\@vwid@box=\box66
\sift@deathcycles=\count314
\@vwid@loff=\dimen301
\@vwid@roff=\dimen302
)
\c@taburow=\count315
\tabu@nbcols=\count316
\tabu@cnt=\count317
\tabu@Xcol=\count318
\tabu@alloc=\count319
\tabu@nested=\count320
\tabu@target=\dimen303
\tabu@spreadtarget=\dimen304
\tabu@naturalX=\dimen305
\tabucolX=\dimen306
\tabu@Xsum=\dimen307
\extrarowdepth=\dimen308
\abovetabulinesep=\dimen309
\belowtabulinesep=\dimen310
\tabustrutrule=\dimen311
\tabu@thebody=\toks45
\tabu@footnotes=\toks46
\tabu@box=\box67
\tabu@arstrutbox=\box68
\tabu@hleads=\box69
\tabu@vleads=\box70
\tabu@cellskip=\skip75
)
("C:\Users\Aleman\AppData\Local\Programs\MiKTeX 2.9\tex\latex\tools\indentfirst
.sty"
Package: indentfirst 1995/11/23 v1.03 Indent first paragraph (DPC)
)
("C:\Users\Aleman\AppData\Local\Programs\MiKTeX 2.9\tex\latex\preprint\fullpage
.sty"
Package: fullpage 1999/02/23 1.1 (PWD)
\FP@margin=\skip76
)
("C:\Users\Aleman\AppData\Local\Programs\MiKTeX 2.9\tex\latex\koma-script\scrpa
ge2.sty"
Package: scrpage2 2018/03/30 v3.25 KOMA-Script package (page head and foot)


Package scrpage2 Warning: usage of obsolete package!
(scrpage2)                Package `scrpage2' is obsolete.
(scrpage2)                You should not longer use package `scrpage2'.
(scrpage2)                You should replace usage of package `scrpage2'
(scrpage2)                by `scrlayer-scrpage' on input line 52.

)
("C:\Users\Aleman\AppData\Local\Programs\MiKTeX 2.9\tex\latex\multirow\multirow
.sty"
Package: multirow 2016/11/25 v2.2 Span multiple rows of a table
\multirow@colwidth=\skip77
\multirow@cntb=\count321
\multirow@dima=\skip78
\bigstrutjot=\dimen312
)
("C:\Users\Aleman\AppData\Local\Programs\MiKTeX 2.9\tex\latex\mdwtools\footnote
.sty"
Package: footnote 1997/01/28 1.13 Save footnotes around boxes
\fn@notes=\box71
\fn@width=\dimen313
)
("C:\Users\Aleman\AppData\Local\Programs\MiKTeX 2.9\tex\latex\enumitem\enumitem
.sty"
Package: enumitem 2011/09/28 v3.5.2 Customized lists
\labelindent=\skip79
\enit@outerparindent=\dimen314
\enit@toks=\toks47
\enit@inbox=\box72
\enitdp@description=\count322
)
("C:\Users\Aleman\AppData\Local\Programs\MiKTeX 2.9\tex\latex\doublestroke\dsfo
nt.sty"
Package: dsfont 1995/08/01 v0.1 Double stroke roman fonts
)
No file Sex_education.aux.
\openout1 = `Sex_education.aux'.

LaTeX Font Info:    Checking defaults for OML/cmm/m/it on input line 50.
LaTeX Font Info:    ... okay on input line 50.
LaTeX Font Info:    Checking defaults for T1/cmr/m/n on input line 50.
LaTeX Font Info:    ... okay on input line 50.
LaTeX Font Info:    Checking defaults for OT1/cmr/m/n on input line 50.
LaTeX Font Info:    ... okay on input line 50.
LaTeX Font Info:    Checking defaults for OMS/cmsy/m/n on input line 50.
LaTeX Font Info:    ... okay on input line 50.
LaTeX Font Info:    Checking defaults for OMX/cmex/m/n on input line 50.
LaTeX Font Info:    ... okay on input line 50.
LaTeX Font Info:    Checking defaults for U/cmr/m/n on input line 50.
LaTeX Font Info:    ... okay on input line 50.
LaTeX Font Info:    Checking defaults for PD1/pdf/m/n on input line 50.
LaTeX Font Info:    ... okay on input line 50.

("C:\Users\Aleman\AppData\Local\Programs\MiKTeX 2.9\tex\context\base\supp-pdf.m
kii"
[Loading MPS to PDF converter (version 2006.09.02).]
\scratchcounter=\count323
\scratchdimen=\dimen315
\scratchbox=\box73
\nofMPsegments=\count324
\nofMParguments=\count325
\everyMPshowfont=\toks48
\MPscratchCnt=\count326
\MPscratchDim=\dimen316
\MPnumerator=\count327
\makeMPintoPDFobject=\count328
\everyMPtoPDFconversion=\toks49
)
("C:\Users\Aleman\AppData\Local\Programs\MiKTeX 2.9\tex\latex\oberdiek\epstopdf
-base.sty"
Package: epstopdf-base 2016/05/15 v2.6 Base part for package epstopdf

("C:\Users\Aleman\AppData\Local\Programs\MiKTeX 2.9\tex\latex\oberdiek\grfext.s
ty"
Package: grfext 2016/05/16 v1.2 Manage graphics extensions (HO)
)
Package epstopdf-base Info: Redefining graphics rule for `.eps' on input line 4
38.
Package grfext Info: Graphics extension search list:
(grfext)             [.pdf,.png,.jpg,.mps,.jpeg,.jbig2,.jb2,.PDF,.PNG,.JPG,.JPE
G,.JBIG2,.JB2,.eps]
(grfext)             \AppendGraphicsExtensions on input line 456.
)
Package caption Info: Begin \AtBeginDocument code.
Package caption Info: float package is loaded.
Package caption Info: hyperref package is loaded.
Package caption Info: longtable package is loaded.

("C:\Users\Aleman\AppData\Local\Programs\MiKTeX 2.9\tex\latex\caption\ltcaption
.sty"
Package: ltcaption 2013/06/09 v1.4-94 longtable captions (AR)
)
Package caption Info: End \AtBeginDocument code.
\AtBeginShipoutBox=\box74
Package hyperref Info: Link coloring OFF on input line 50.

("C:\Users\Aleman\AppData\Local\Programs\MiKTeX 2.9\tex\latex\hyperref\nameref.
sty"
Package: nameref 2016/05/21 v2.44 Cross-referencing by name of section

("C:\Users\Aleman\AppData\Local\Programs\MiKTeX 2.9\tex\generic\oberdiek\gettit
lestring.sty"
Package: gettitlestring 2016/05/16 v1.5 Cleanup title references (HO)
)
\c@section@level=\count329
)
LaTeX Info: Redefining \ref on input line 50.
LaTeX Info: Redefining \pageref on input line 50.
LaTeX Info: Redefining \nameref on input line 50.
\@outlinefile=\write4
\openout4 = `Sex_education.out'.

 ABD: EveryShipout initializing macros (sections/titlepage2.tex) (sections/abst
ract.tex) [1

{C:/Users/Aleman/AppData/Local/MiKTeX/2.9/pdftex/config/pdftex.map}]
\tf@toc=\write5
\openout5 = `Sex_education.toc'.

LaTeX Font Info:    Try loading font information for U+msa on input line 61.

("C:\Users\Aleman\AppData\Local\Programs\MiKTeX 2.9\tex\latex\amsfonts\umsa.fd"
File: umsa.fd 2013/01/14 v3.01 AMS symbols A
)
LaTeX Font Info:    Try loading font information for U+msb on input line 61.
 ("C:\Users\Aleman\AppData\Local\Programs\MiKTeX 2.9\tex\latex\amsfonts\umsb.fd
"
File: umsb.fd 2013/01/14 v3.01 AMS symbols B
) [2]
\tf@lot=\write6
\openout6 = `Sex_education.lot'.

\tf@lof=\write7
\openout7 = `Sex_education.lof'.

pdfTeX warning (ext4): destination with the same identifier (name{page.i}) has 
been already used, duplicate ignored
<to be read again> 
                   \relax 
l.72 \newpage
              [1

] (sections/introduction.tex
Underfull \hbox (badness 10000) in paragraph at lines 2--3

 []


Package natbib Warning: Citation `report2' on page 1 undefined on input line 4.



Underfull \hbox (badness 10000) in paragraph at lines 4--5

 []


Package natbib Warning: Citation `report2' on page 1 undefined on input line 6.



Underfull \hbox (badness 10000) in paragraph at lines 6--7

 []


Package natbib Warning: Citation `beegle' on page 1 undefined on input line 8.


Package natbib Warning: Citation `raul' on page 1 undefined on input line 8.


Underfull \hbox (badness 10000) in paragraph at lines 8--9

 []


Underfull \hbox (badness 10000) in paragraph at lines 10--11

 []

[1]
Underfull \hbox (badness 10000) in paragraph at lines 12--13

 []


Underfull \hbox (badness 10000) in paragraph at lines 14--15

 []


Underfull \hbox (badness 10000) in paragraph at lines 16--17

 []

[2]

LaTeX Warning: Reference `sec2' on page 3 undefined on input line 20.


LaTeX Warning: Reference `sec3' on page 3 undefined on input line 20.


LaTeX Warning: Reference `sec4' on page 3 undefined on input line 20.


LaTeX Warning: Reference `algorithm' on page 3 undefined on input line 20.


LaTeX Warning: Reference `sec6' on page 3 undefined on input line 20.


LaTeX Warning: Reference `sec7' on page 3 undefined on input line 20.


LaTeX Warning: Reference `appendix' on page 3 undefined on input line 20.


Package natbib Warning: Citation `michelle' on page 3 undefined on input line 2
4.


Package natbib Warning: Citation `yaoyao' on page 3 undefined on input line 25.



Underfull \hbox (badness 10000) in paragraph at lines 24--26

 []

[3]

Package natbib Warning: Citation `fort' on page 4 undefined on input line 28.


Package natbib Warning: Citation `mirsha' on page 4 undefined on input line 28.



Underfull \hbox (badness 10000) in paragraph at lines 28--29

 []


Package natbib Warning: Citation `paxton' on page 4 undefined on input line 30.



Package natbib Warning: Citation `preston' on page 4 undefined on input line 30
.


Package natbib Warning: Citation `bledsoe' on page 4 undefined on input line 30
.


Package natbib Warning: Citation `oster' on page 4 undefined on input line 30.


Package natbib Warning: Citation `brent' on page 4 undefined on input line 30.


Underfull \hbox (badness 10000) in paragraph at lines 30--31

 []


Package natbib Warning: Citation `walque' on page 4 undefined on input line 32.



Package natbib Warning: Citation `alsan' on page 4 undefined on input line 32.


Underfull \hbox (badness 10000) in paragraph at lines 32--33

 []

[4]

Package natbib Warning: Citation `raul' on page 5 undefined on input line 34.


LaTeX Warning: Reference `appendix' on page 5 undefined on input line 34.


Package natbib Warning: Citation `raul' on page 5 undefined on input line 34.


Underfull \hbox (badness 10000) in paragraph at lines 34--35

 []


Package natbib Warning: Citation `michelle' on page 5 undefined on input line 3
6.


Package natbib Warning: Citation `kremer' on page 5 undefined on input line 36.



Underfull \hbox (badness 10000) in paragraph at lines 36--37

 []


Package natbib Warning: Citation `manuelli' on page 5 undefined on input line 3
8.


Underfull \hbox (badness 10000) in paragraph at lines 38--39

 []

[5]

Package natbib Warning: Citation `report1' on page 6 undefined on input line 42
.


LaTeX Warning: Reference `bild1' on page 6 undefined on input line 45.


LaTeX Warning: Reference `figures' on page 6 undefined on input line 45.


LaTeX Warning: Reference `bild2' on page 6 undefined on input line 45.


LaTeX Warning: Reference `bild1' on page 6 undefined on input line 45.


LaTeX Warning: Reference `bild2' on page 6 undefined on input line 45.


Underfull \hbox (badness 10000) in paragraph at lines 45--46

 []


Underfull \hbox (badness 10000) in paragraph at lines 48--49

 []


LaTeX Warning: Reference `bild4' on page 6 undefined on input line 50.


LaTeX Warning: Reference `bild3' on page 6 undefined on input line 50.


Underfull \hbox (badness 10000) in paragraph at lines 50--51

 []

[6]

LaTeX Warning: Reference `table1' on page 7 undefined on input line 52.


LaTeX Warning: Reference `table2' on page 7 undefined on input line 52.


Underfull \hbox (badness 10000) in paragraph at lines 52--53

 []

[7]

LaTeX Warning: Reference `table1' on page 8 undefined on input line 101.


Package natbib Warning: Citation `raul' on page 8 undefined on input line 101.


Package natbib Warning: Citation `michelle' on page 8 undefined on input line 1
02.


Underfull \hbox (badness 10000) in paragraph at lines 101--103

 []


Package natbib Warning: Citation `michelle' on page 8 undefined on input line 1
04.

) (sections/algorithm.tex
Underfull \hbox (badness 10000) in paragraph at lines 104--1

 []

[8]
LaTeX Font Info:    Try loading font information for OMS+cmr on input line 7.
 ("C:\Users\Aleman\AppData\Local\Programs\MiKTeX 2.9\tex\latex\base\omscmr.fd"
File: omscmr.fd 2014/09/29 v2.5h Standard LaTeX font definitions
)
LaTeX Font Info:    Font shape `OMS/cmr/m/n' in size <12> not available
(Font)              Font shape `OMS/cmsy/m/n' tried instead on input line 7.
 [9]

LaTeX Warning: Reference `sec1' on page 10 undefined on input line 19.


Package natbib Warning: Citation `raul' on page 10 undefined on input line 20.


Underfull \hbox (badness 10000) in paragraph at lines 27--28

 []


Underfull \hbox (badness 10000) in paragraph at lines 33--34

 []

[10]
Underfull \hbox (badness 10000) in paragraph at lines 50--52

 []


Underfull \hbox (badness 10000) in paragraph at lines 55--57

 []


Underfull \hbox (badness 10000) in paragraph at lines 64--66

 []

[11]
Underfull \hbox (badness 10000) in paragraph at lines 72--74

 []

[12]
Overfull \hbox (2.73453pt too wide) in paragraph at lines 115--116
[]\OT1/cmr/m/n/12 Given $\OML/cmm/m/it/12 r$ \OT1/cmr/m/n/12 and $\OML/cmm/m/it
/12 p$ \OT1/cmr/m/n/12 the pol-icy func-tions $\OML/cmm/m/it/12 a\OT1/cmr/m/n/1
2 (\OML/cmm/m/it/12 a; e; g\OT1/cmr/m/n/12 ; )\OML/cmm/m/it/12 ; x\OT1/cmr/m/n
/12 (\OML/cmm/m/it/12 a; e; g\OT1/cmr/m/n/12 ; )\OML/cmm/m/it/12 ; c\OT1/cmr/m
/n/12 (\OML/cmm/m/it/12 a; e; g\OT1/cmr/m/n/12 ; )\OML/cmm/m/it/12 ; l\OT1/cmr
/m/n/12 (\OML/cmm/m/it/12 a; e; g\OT1/cmr/m/n/12 ; )$
 []

[13]

Package natbib Warning: Citation `victor_dos' on page 14 undefined on input lin
e 136.

[14] [15]
Underfull \hbox (badness 10000) in paragraph at lines 186--188

 []

[16]
Overfull \hbox (62.86723pt too wide) in paragraph at lines 227--229
\OT1/cmr/m/n/12 Then, to-gether with the de-ci-sion rule $\OML/cmm/m/it/12 a\OT
1/cmr/m/n/12 (\OML/cmm/m/it/12 a; e; g; h; \OT1/cmr/m/n/12 )$ the tran-si-tion
 ma-trix $\OMS/cmsy/m/n/12 Q\OT1/cmr/m/n/12 ((\OML/cmm/m/it/12 a; e; g; h\OT1/c
mr/m/n/12 )([]))$is
 []


LaTeX Warning: Reference `eq5' on page 17 undefined on input line 237.


Overfull \hbox (50.84512pt too wide) in paragraph at lines 248--249
[]\OT1/cmr/m/n/12 Given $\OML/cmm/m/it/12 r$ \OT1/cmr/m/n/12 and $\OML/cmm/m/it
/12 p$ \OT1/cmr/m/n/12 the pol-icy func-tions $\OML/cmm/m/it/12 a\OT1/cmr/m/n/1
2 (\OML/cmm/m/it/12 a; e; g; h\OT1/cmr/m/n/12 ; )\OML/cmm/m/it/12 ; x\OT1/cmr/
m/n/12 (\OML/cmm/m/it/12 a; e; g; h\OT1/cmr/m/n/12 ; )\OML/cmm/m/it/12 ; c\OT1
/cmr/m/n/12 (\OML/cmm/m/it/12 a; e; g; h\OT1/cmr/m/n/12 ; )\OML/cmm/m/it/12 ; 
l\OT1/cmr/m/n/12 (\OML/cmm/m/it/12 a; e; g; h\OT1/cmr/m/n/12 ; )$
 []

[17] [18]

LaTeX Warning: Reference `stationary' on page 19 undefined on input line 312.

[19]

LaTeX Warning: Reference `sec1' on page 20 undefined on input line 316.


LaTeX Warning: Reference `pre' on page 20 undefined on input line 318.


LaTeX Warning: Reference `mio' on page 20 undefined on input line 319.


LaTeX Warning: Reference `maturity' on page 20 undefined on input line 320.


LaTeX Warning: Reference `arts' on page 20 undefined on input line 321.

[20]
Underfull \hbox (badness 10000) in paragraph at lines 325--326

 []


LaTeX Warning: Reference `stationary' on page 21 undefined on input line 328.

) (sections/calibration.tex
Overfull \hbox (1.98753pt too wide) in paragraph at lines 327--1
[][]
 []


Underfull \hbox (badness 10000) in paragraph at lines 327--1

 []


Underfull \hbox (badness 10000) in paragraph at lines 2--3

 []


LaTeX Warning: Reference `sec1' on page 21 undefined on input line 4.


Underfull \hbox (badness 10000) in paragraph at lines 4--5

 []

[21]
Underfull \hbox (badness 10000) in paragraph at lines 6--7

 []


LaTeX Warning: Reference `tablefinal1' on page 22 undefined on input line 8.


LaTeX Warning: Reference `tablefinal3' on page 22 undefined on input line 8.


LaTeX Warning: Reference `tablefinal4' on page 22 undefined on input line 8.


Overfull \hbox (7.38872pt too wide) in paragraph at lines 15--15
 []|[]| 
 []


Overfull \hbox (3.58292pt too wide) in paragraph at lines 19--19
 []|\OT1/cmr/m/n/12 2000| 
 []


Overfull \hbox (3.58292pt too wide) in paragraph at lines 21--21
 []|\OT1/cmr/m/n/12 2004| 
 []


Overfull \hbox (3.58292pt too wide) in paragraph at lines 23--23
 []|\OT1/cmr/m/n/12 2010| 
 []


Overfull \hbox (16.15768pt too wide) in paragraph at lines 38--49
 [][] 
 []

[22]
Overfull \hbox (1.22209pt too wide) in paragraph at lines 63--63
 []|\OT1/cmr/bx/n/12 (*)Females| 
 []


Overfull \hbox (9.17368pt too wide) in paragraph at lines 63--63
 []|\OT1/cmr/bx/n/12 (*)Males| 
 []


Overfull \hbox (7.97209pt too wide) in paragraph at lines 63--63
 []|\OT1/cmr/bx/n/12 (**)Females| 
 []


Overfull \hbox (46.43681pt too wide) in paragraph at lines 58--72
 [][] 
 []


LaTeX Warning: Reference `lafigura1' on page 23 undefined on input line 99.


LaTeX Warning: Reference `lafigura7' on page 23 undefined on input line 99.


Underfull \hbox (badness 10000) in paragraph at lines 99--100

 []

[23]

LaTeX Warning: Reference `stage_2fig_1' on page 24 undefined on input line 101.



LaTeX Warning: Reference `stage_2fig_2' on page 24 undefined on input line 101.



LaTeX Warning: Reference `stage_4fig_1' on page 24 undefined on input line 101.



LaTeX Warning: Reference `stage_4fig_1' on page 24 undefined on input line 101.



Underfull \hbox (badness 10000) in paragraph at lines 101--102

 []


Underfull \hbox (badness 10000) in paragraph at lines 103--104

 []


Package natbib Warning: Citation `raul' on page 24 undefined on input line 106.



Underfull \hbox (badness 10000) in paragraph at lines 106--107

 []


LaTeX Warning: Reference `calibration' on page 24 undefined on input line 108.

[24]
Underfull \hbox (badness 10000) in paragraph at lines 111--113

 []


Underfull \hbox (badness 10000) in paragraph at lines 114--115

 []


LaTeX Warning: Reference `gradient' on page 25 undefined on input line 116.

[25]

LaTeX Warning: Reference `gradient' on page 26 undefined on input line 160.


Package natbib Warning: Citation `raul' on page 26 undefined on input line 160.



LaTeX Warning: Reference `gredient' on page 26 undefined on input line 160.


LaTeX Warning: Reference `fig_grad1' on page 26 undefined on input line 160.


LaTeX Warning: Reference `fig_grad2' on page 26 undefined on input line 160.


LaTeX Warning: Reference `gredient' on page 26 undefined on input line 181.


Underfull \hbox (badness 10000) in paragraph at lines 181--182

 []

[26]

LaTeX Warning: Reference `fig_grad1' on page 27 undefined on input line 183.


Package natbib Warning: Citation `raul' on page 27 undefined on input line 183.



Underfull \hbox (badness 10000) in paragraph at lines 183--184

 []


LaTeX Warning: Reference `bild1' on page 27 undefined on input line 185.


LaTeX Warning: Reference `bild2' on page 27 undefined on input line 185.


LaTeX Warning: Reference `appendix' on page 27 undefined on input line 185.

<figures/gradient/fig_grad1.png, id=222, 421.575pt x 316.0608pt>
File: figures/gradient/fig_grad1.png Graphic file (type png)
<use figures/gradient/fig_grad1.png>
Package pdftex.def Info: figures/gradient/fig_grad1.png  used on input line 194
.
(pdftex.def)             Requested size: 220.51323pt x 170.72333pt.
<figures/gradient/fig_grad2.png, id=223, 421.575pt x 316.0608pt>
File: figures/gradient/fig_grad2.png Graphic file (type png)
<use figures/gradient/fig_grad2.png>
Package pdftex.def Info: figures/gradient/fig_grad2.png  used on input line 200
.
(pdftex.def)             Requested size: 220.51323pt x 170.72333pt.
) (sections/conclusion.tex [27 <./figures/gradient/fig_grad1.png (PNG copy)> <.
/figures/gradient/fig_grad2.png (PNG copy)>]
Underfull \hbox (badness 10000) in paragraph at lines 2--3

 []


Underfull \hbox (badness 10000) in paragraph at lines 4--5

 []

[28]) [29]
No file Sex_education.bbl.
(sections/appendix.tex (sections/stationary.tex

LaTeX Warning: Reference `algorithm' on page 30 undefined on input line 1.


Underfull \hbox (badness 10000) in paragraph at lines 1--2

 []


Overfull \hbox (44.82297pt too wide) in paragraph at lines 13--14
[]\OT1/cmr/m/n/12 Use the de-ci-sion rules and the as-so-ci-ated tran-si-tion f
unc-tion $\OMS/cmsy/m/n/12 Q\OT1/cmr/m/n/12 ((\OML/cmm/m/it/12 a; e; g; h\OT1/c
mr/m/n/12 )([]))$
 []

) [30] (sections/figures_raul.tex
<figures/RAUL1.png, id=252, 437.635pt x 312.66812pt>
File: figures/RAUL1.png Graphic file (type png)
<use figures/RAUL1.png>
Package pdftex.def Info: figures/RAUL1.png  used on input line 7.
(pdftex.def)             Requested size: 220.5131pt x 170.71802pt.
<figures/RAUL2.png, id=253, 442.65375pt x 311.1625pt>
File: figures/RAUL2.png Graphic file (type png)
<use figures/RAUL2.png>
Package pdftex.def Info: figures/RAUL2.png  used on input line 14.
(pdftex.def)             Requested size: 220.50905pt x 170.71733pt.
) (sections/figures_malawi.tex
<figures/malawi11.jpg, id=254, 248.93pt x 176.15813pt>
File: figures/malawi11.jpg Graphic file (type jpg)
<use figures/malawi11.jpg>
Package pdftex.def Info: figures/malawi11.jpg  used on input line 7.
(pdftex.def)             Requested size: 220.51384pt x 170.71725pt.
<figures/malawi12.jpg, id=255, 203.25937pt x 197.23688pt>
File: figures/malawi12.jpg Graphic file (type jpg)
<use figures/malawi12.jpg>
Package pdftex.def Info: figures/malawi12.jpg  used on input line 13.
(pdftex.def)             Requested size: 220.51552pt x 170.71588pt.
<figures/malawi13.jpg, id=256, 248.93pt x 196.23312pt>
File: figures/malawi13.jpg Graphic file (type jpg)
<use figures/malawi13.jpg>
Package pdftex.def Info: figures/malawi13.jpg  used on input line 24.
(pdftex.def)             Requested size: 220.51384pt x 170.7274pt.
<figures/malawi14.jpg, id=257, 248.93pt x 196.23312pt>
File: figures/malawi14.jpg Graphic file (type jpg)
<use figures/malawi14.jpg>
Package pdftex.def Info: figures/malawi14.jpg  used on input line 30.
(pdftex.def)             Requested size: 220.51384pt x 170.7274pt.
)
(sections/figures_matu.tex [31 <./figures/RAUL1.png> <./figures/RAUL2.png> <./f
igures/malawi11.jpg> <./figures/malawi12.jpg>]
<figures/pre/FIG1.png, id=267, 421.575pt x 316.0608pt>
File: figures/pre/FIG1.png Graphic file (type png)
<use figures/pre/FIG1.png>
Package pdftex.def Info: figures/pre/FIG1.png  used on input line 11.
(pdftex.def)             Requested size: 220.51323pt x 150.23653pt.
<figures/pre/FIG2.png, id=268, 421.575pt x 316.0608pt>
File: figures/pre/FIG2.png Graphic file (type png)
<use figures/pre/FIG2.png>
Package pdftex.def Info: figures/pre/FIG2.png  used on input line 16.
(pdftex.def)             Requested size: 220.51323pt x 150.23653pt.
<figures/pre/FIG3.png, id=269, 421.575pt x 316.0608pt>
File: figures/pre/FIG3.png Graphic file (type png)
<use figures/pre/FIG3.png>
Package pdftex.def Info: figures/pre/FIG3.png  used on input line 22.
(pdftex.def)             Requested size: 220.51323pt x 150.23653pt.
<figures/pre/FIG4.png, id=270, 421.575pt x 316.0608pt>
File: figures/pre/FIG4.png Graphic file (type png)
<use figures/pre/FIG4.png>
Package pdftex.def Info: figures/pre/FIG4.png  used on input line 27.
(pdftex.def)             Requested size: 220.51323pt x 150.23653pt.
<figures/pre/FIG5.png, id=271, 421.575pt x 316.0608pt>
File: figures/pre/FIG5.png Graphic file (type png)
<use figures/pre/FIG5.png>
Package pdftex.def Info: figures/pre/FIG5.png  used on input line 33.
(pdftex.def)             Requested size: 220.51323pt x 150.23653pt.
<figures/pre/FIG6.png, id=272, 421.575pt x 316.0608pt>
File: figures/pre/FIG6.png Graphic file (type png)
<use figures/pre/FIG6.png>
Package pdftex.def Info: figures/pre/FIG6.png  used on input line 38.
(pdftex.def)             Requested size: 220.51323pt x 150.23653pt.
<figures/pre/FIG7.png, id=273, 421.575pt x 316.0608pt>
File: figures/pre/FIG7.png Graphic file (type png)
<use figures/pre/FIG7.png>
Package pdftex.def Info: figures/pre/FIG7.png  used on input line 44.
(pdftex.def)             Requested size: 220.51323pt x 150.23653pt.
<figures/pre/FIG8.png, id=274, 421.575pt x 316.0608pt>
File: figures/pre/FIG8.png Graphic file (type png)
<use figures/pre/FIG8.png>
Package pdftex.def Info: figures/pre/FIG8.png  used on input line 49.
(pdftex.def)             Requested size: 220.51323pt x 150.23653pt.

Overfull \hbox (5.22215pt too wide) in paragraph at lines 10--54
[]$[]$ |  $[]$
 []


Overfull \hbox (5.22215pt too wide) in paragraph at lines 10--54
$[]$ |  $[]$
 []


Overfull \hbox (5.22215pt too wide) in paragraph at lines 10--54
$[]$ |  $[]$
 []


Overfull \hbox (5.22215pt too wide) in paragraph at lines 10--54
$[]$ |  $[]$
 []


Overfull \hbox (20.66669pt too wide) in paragraph at lines 7--54
[][] 
 []

[32 <./figures/malawi13.jpg> <./figures/malawi14.jpg>]
Overfull \vbox (118.97992pt too high) has occurred while \output is active []


[33 <./figures/pre/FIG1.png (PNG copy)> <./figures/pre/FIG2.png (PNG copy)> <./
figures/pre/FIG3.png (PNG copy)> <./figures/pre/FIG4.png (PNG copy)> <./figures
/pre/FIG5.png (PNG copy)> <./figures/pre/FIG6.png (PNG copy)> <./figures/pre/FI
G7.png (PNG copy)> <./figures/pre/FIG8.png (PNG copy)>]
<figures/pre/FIG9.png, id=289, 421.575pt x 316.0608pt>
File: figures/pre/FIG9.png Graphic file (type png)
<use figures/pre/FIG9.png>
Package pdftex.def Info: figures/pre/FIG9.png  used on input line 60.
(pdftex.def)             Requested size: 220.51323pt x 150.23653pt.

Underfull \hbox (badness 10000) in paragraph at lines 64--64
[]\OT1/cmr/bx/n/10.95 (b) |PF sex con-sump-tion (Unedu-
 []

<figures/pre/FIG10.png, id=290, 421.575pt x 316.0608pt>
File: figures/pre/FIG10.png Graphic file (type png)
<use figures/pre/FIG10.png>
Package pdftex.def Info: figures/pre/FIG10.png  used on input line 65.
(pdftex.def)             Requested size: 220.51323pt x 150.23653pt.
<figures/pre/FIG11.png, id=291, 421.575pt x 316.0608pt>
File: figures/pre/FIG11.png Graphic file (type png)
<use figures/pre/FIG11.png>
Package pdftex.def Info: figures/pre/FIG11.png  used on input line 71.
(pdftex.def)             Requested size: 220.51323pt x 150.23653pt.
<figures/pre/FIG12.png, id=292, 421.575pt x 316.0608pt>
File: figures/pre/FIG12.png Graphic file (type png)
<use figures/pre/FIG12.png>
Package pdftex.def Info: figures/pre/FIG12.png  used on input line 76.
(pdftex.def)             Requested size: 220.51323pt x 150.23653pt.
<figures/pre/FIG13.png, id=293, 421.575pt x 316.0608pt>
File: figures/pre/FIG13.png Graphic file (type png)
<use figures/pre/FIG13.png>
Package pdftex.def Info: figures/pre/FIG13.png  used on input line 82.
(pdftex.def)             Requested size: 220.51323pt x 150.23653pt.
<figures/pre/FIG14.png, id=294, 421.575pt x 316.0608pt>
File: figures/pre/FIG14.png Graphic file (type png)
<use figures/pre/FIG14.png>
Package pdftex.def Info: figures/pre/FIG14.png  used on input line 87.
(pdftex.def)             Requested size: 220.51323pt x 150.23653pt.
<figures/pre/FIG15.png, id=295, 421.575pt x 316.0608pt>
File: figures/pre/FIG15.png Graphic file (type png)
<use figures/pre/FIG15.png>
Package pdftex.def Info: figures/pre/FIG15.png  used on input line 93.
(pdftex.def)             Requested size: 220.51323pt x 150.23653pt.
<figures/pre/FIG16.png, id=296, 421.575pt x 316.0608pt>
File: figures/pre/FIG16.png Graphic file (type png)
<use figures/pre/FIG16.png>
Package pdftex.def Info: figures/pre/FIG16.png  used on input line 98.
(pdftex.def)             Requested size: 220.51323pt x 150.23653pt.

Overfull \hbox (5.22215pt too wide) in paragraph at lines 59--103
[]$[]$ |  $[]$
 []


Overfull \hbox (5.22215pt too wide) in paragraph at lines 59--103
$[]$ |  $[]$
 []


Overfull \hbox (5.22215pt too wide) in paragraph at lines 59--103
$[]$ |  $[]$
 []


Overfull \hbox (5.22215pt too wide) in paragraph at lines 59--103
$[]$ |  $[]$
 []


Overfull \vbox (132.57993pt too high) has occurred while \output is active []


[34 <./figures/pre/FIG9.png (PNG copy)> <./figures/pre/FIG10.png (PNG copy)> <.
/figures/pre/FIG11.png (PNG copy)> <./figures/pre/FIG12.png (PNG copy)> <./figu
res/pre/FIG13.png (PNG copy)> <./figures/pre/FIG14.png (PNG copy)> <./figures/p
re/FIG15.png (PNG copy)> <./figures/pre/FIG16.png (PNG copy)>]
<figures/mio/FIG1.png, id=303, 421.575pt x 316.0608pt>
File: figures/mio/FIG1.png Graphic file (type png)
<use figures/mio/FIG1.png>
Package pdftex.def Info: figures/mio/FIG1.png  used on input line 109.
(pdftex.def)             Requested size: 220.51323pt x 150.23653pt.
<figures/mio/FIG2.png, id=304, 421.575pt x 316.0608pt>
File: figures/mio/FIG2.png Graphic file (type png)
<use figures/mio/FIG2.png>
Package pdftex.def Info: figures/mio/FIG2.png  used on input line 114.
(pdftex.def)             Requested size: 220.51323pt x 150.23653pt.
<figures/mio/FIG3.png, id=305, 421.575pt x 316.0608pt>
File: figures/mio/FIG3.png Graphic file (type png)
<use figures/mio/FIG3.png>
Package pdftex.def Info: figures/mio/FIG3.png  used on input line 120.
(pdftex.def)             Requested size: 220.51323pt x 150.23653pt.
<figures/mio/FIG4.png, id=306, 421.575pt x 316.0608pt>
File: figures/mio/FIG4.png Graphic file (type png)
<use figures/mio/FIG4.png>
Package pdftex.def Info: figures/mio/FIG4.png  used on input line 125.
(pdftex.def)             Requested size: 220.51323pt x 150.23653pt.
<figures/mio/FIG6.png, id=307, 421.575pt x 316.0608pt>
File: figures/mio/FIG6.png Graphic file (type png)
<use figures/mio/FIG6.png>
Package pdftex.def Info: figures/mio/FIG6.png  used on input line 131.
(pdftex.def)             Requested size: 220.51323pt x 150.23653pt.
<figures/mio/FIG5.png, id=308, 421.575pt x 316.0608pt>
File: figures/mio/FIG5.png Graphic file (type png)
<use figures/mio/FIG5.png>
Package pdftex.def Info: figures/mio/FIG5.png  used on input line 136.
(pdftex.def)             Requested size: 220.51323pt x 150.23653pt.
<figures/mio/FIG8.png, id=309, 421.575pt x 316.0608pt>
File: figures/mio/FIG8.png Graphic file (type png)
<use figures/mio/FIG8.png>
Package pdftex.def Info: figures/mio/FIG8.png  used on input line 142.
(pdftex.def)             Requested size: 220.51323pt x 150.23653pt.
<figures/mio/FIG7.png, id=310, 421.575pt x 316.0608pt>
File: figures/mio/FIG7.png Graphic file (type png)
<use figures/mio/FIG7.png>
Package pdftex.def Info: figures/mio/FIG7.png  used on input line 147.
(pdftex.def)             Requested size: 220.51323pt x 150.23653pt.

Overfull \hbox (5.22215pt too wide) in paragraph at lines 108--152
[]$[]$ |  $[]$
 []


Overfull \hbox (5.22215pt too wide) in paragraph at lines 108--152
$[]$ |  $[]$
 []


Overfull \hbox (5.22215pt too wide) in paragraph at lines 108--152
$[]$ |  $[]$
 []


Overfull \hbox (5.22215pt too wide) in paragraph at lines 108--152
$[]$ |  $[]$
 []


Overfull \vbox (118.97992pt too high) has occurred while \output is active []


[35 <./figures/mio/FIG1.png (PNG copy)> <./figures/mio/FIG2.png (PNG copy)> <./
figures/mio/FIG3.png (PNG copy)> <./figures/mio/FIG4.png (PNG copy)> <./figures
/mio/FIG6.png (PNG copy)> <./figures/mio/FIG5.png (PNG copy)> <./figures/mio/FI
G8.png (PNG copy)> <./figures/mio/FIG7.png (PNG copy)>]
<figures/mio/FIG9.png, id=316, 421.575pt x 316.0608pt>
File: figures/mio/FIG9.png Graphic file (type png)
<use figures/mio/FIG9.png>
Package pdftex.def Info: figures/mio/FIG9.png  used on input line 158.
(pdftex.def)             Requested size: 220.51323pt x 150.23653pt.

Underfull \hbox (badness 10000) in paragraph at lines 162--162
[]\OT1/cmr/bx/n/10.95 (b) |PF sex con-sump-tion (Unedu-
 []

<figures/mio/FIG10.png, id=317, 421.575pt x 316.0608pt>
File: figures/mio/FIG10.png Graphic file (type png)
<use figures/mio/FIG10.png>
Package pdftex.def Info: figures/mio/FIG10.png  used on input line 163.
(pdftex.def)             Requested size: 220.51323pt x 150.23653pt.
<figures/mio/FIG11.png, id=318, 421.575pt x 316.0608pt>
File: figures/mio/FIG11.png Graphic file (type png)
<use figures/mio/FIG11.png>
Package pdftex.def Info: figures/mio/FIG11.png  used on input line 169.
(pdftex.def)             Requested size: 220.51323pt x 150.23653pt.
<figures/mio/FIG12.png, id=319, 421.575pt x 316.0608pt>
File: figures/mio/FIG12.png Graphic file (type png)
<use figures/mio/FIG12.png>
Package pdftex.def Info: figures/mio/FIG12.png  used on input line 174.
(pdftex.def)             Requested size: 220.51323pt x 150.23653pt.
<figures/mio/FIG13.png, id=320, 421.575pt x 316.0608pt>
File: figures/mio/FIG13.png Graphic file (type png)
<use figures/mio/FIG13.png>
Package pdftex.def Info: figures/mio/FIG13.png  used on input line 180.
(pdftex.def)             Requested size: 220.51323pt x 150.23653pt.
<figures/mio/FIG14.png, id=321, 421.575pt x 316.0608pt>
File: figures/mio/FIG14.png Graphic file (type png)
<use figures/mio/FIG14.png>
Package pdftex.def Info: figures/mio/FIG14.png  used on input line 185.
(pdftex.def)             Requested size: 220.51323pt x 150.23653pt.
<figures/mio/FIG15.png, id=322, 421.575pt x 316.0608pt>
File: figures/mio/FIG15.png Graphic file (type png)
<use figures/mio/FIG15.png>
Package pdftex.def Info: figures/mio/FIG15.png  used on input line 191.
(pdftex.def)             Requested size: 220.51323pt x 150.23653pt.
<figures/mio/FIG16.png, id=323, 421.575pt x 316.0608pt>
File: figures/mio/FIG16.png Graphic file (type png)
<use figures/mio/FIG16.png>
Package pdftex.def Info: figures/mio/FIG16.png  used on input line 196.
(pdftex.def)             Requested size: 220.51323pt x 150.23653pt.

Overfull \hbox (5.22215pt too wide) in paragraph at lines 157--201
[]$[]$ |  $[]$
 []


Overfull \hbox (5.22215pt too wide) in paragraph at lines 157--201
$[]$ |  $[]$
 []


Overfull \hbox (5.22215pt too wide) in paragraph at lines 157--201
$[]$ |  $[]$
 []


Overfull \hbox (5.22215pt too wide) in paragraph at lines 157--201
$[]$ |  $[]$
 []


Overfull \vbox (132.57993pt too high) has occurred while \output is active []


[36 <./figures/mio/FIG9.png (PNG copy)> <./figures/mio/FIG10.png (PNG copy)> <.
/figures/mio/FIG11.png (PNG copy)> <./figures/mio/FIG12.png (PNG copy)> <./figu
res/mio/FIG13.png (PNG copy)> <./figures/mio/FIG14.png (PNG copy)> <./figures/m
io/FIG15.png (PNG copy)> <./figures/mio/FIG16.png (PNG copy)>]
<figures/matu/FIG1.png, id=329, 421.575pt x 316.0608pt>
File: figures/matu/FIG1.png Graphic file (type png)
<use figures/matu/FIG1.png>
Package pdftex.def Info: figures/matu/FIG1.png  used on input line 207.
(pdftex.def)             Requested size: 220.51323pt x 150.23653pt.
<figures/matu/FIG2.png, id=330, 421.575pt x 316.0608pt>
File: figures/matu/FIG2.png Graphic file (type png)
<use figures/matu/FIG2.png>
Package pdftex.def Info: figures/matu/FIG2.png  used on input line 212.
(pdftex.def)             Requested size: 220.51323pt x 150.23653pt.
<figures/matu/FIG3.png, id=331, 421.575pt x 316.0608pt>
File: figures/matu/FIG3.png Graphic file (type png)
<use figures/matu/FIG3.png>
Package pdftex.def Info: figures/matu/FIG3.png  used on input line 218.
(pdftex.def)             Requested size: 220.51323pt x 150.23653pt.
<figures/matu/FIG4.png, id=332, 421.575pt x 316.0608pt>
File: figures/matu/FIG4.png Graphic file (type png)
<use figures/matu/FIG4.png>
Package pdftex.def Info: figures/matu/FIG4.png  used on input line 223.
(pdftex.def)             Requested size: 220.51323pt x 150.23653pt.
<figures/matu/FIG6.png, id=333, 421.575pt x 316.0608pt>
File: figures/matu/FIG6.png Graphic file (type png)
<use figures/matu/FIG6.png>
Package pdftex.def Info: figures/matu/FIG6.png  used on input line 229.
(pdftex.def)             Requested size: 220.51323pt x 150.23653pt.
<figures/matu/FIG5.png, id=334, 421.575pt x 316.0608pt>
File: figures/matu/FIG5.png Graphic file (type png)
<use figures/matu/FIG5.png>
Package pdftex.def Info: figures/matu/FIG5.png  used on input line 234.
(pdftex.def)             Requested size: 220.51323pt x 150.23653pt.
<figures/matu/FIG8.png, id=335, 421.575pt x 316.0608pt>
File: figures/matu/FIG8.png Graphic file (type png)
<use figures/matu/FIG8.png>
Package pdftex.def Info: figures/matu/FIG8.png  used on input line 240.
(pdftex.def)             Requested size: 220.51323pt x 150.23653pt.
<figures/matu/FIG7.png, id=336, 421.575pt x 316.0608pt>
File: figures/matu/FIG7.png Graphic file (type png)
<use figures/matu/FIG7.png>
Package pdftex.def Info: figures/matu/FIG7.png  used on input line 245.
(pdftex.def)             Requested size: 220.51323pt x 150.23653pt.

Overfull \hbox (5.22215pt too wide) in paragraph at lines 206--250
[]$[]$ |  $[]$
 []


Overfull \hbox (5.22215pt too wide) in paragraph at lines 206--250
$[]$ |  $[]$
 []


Overfull \hbox (5.22215pt too wide) in paragraph at lines 206--250
$[]$ |  $[]$
 []


Overfull \hbox (5.22215pt too wide) in paragraph at lines 206--250
$[]$ |  $[]$
 []


Overfull \vbox (118.97992pt too high) has occurred while \output is active []


[37 <./figures/matu/FIG1.png (PNG copy)> <./figures/matu/FIG2.png (PNG copy)> <
./figures/matu/FIG3.png (PNG copy)> <./figures/matu/FIG4.png (PNG copy)> <./fig
ures/matu/FIG6.png (PNG copy)> <./figures/matu/FIG5.png (PNG copy)> <./figures/
matu/FIG8.png (PNG copy)> <./figures/matu/FIG7.png (PNG copy)>]
<figures/matu/FIG9.png, id=342, 421.575pt x 316.0608pt>
File: figures/matu/FIG9.png Graphic file (type png)
<use figures/matu/FIG9.png>
Package pdftex.def Info: figures/matu/FIG9.png  used on input line 256.
(pdftex.def)             Requested size: 220.51323pt x 150.23653pt.

Underfull \hbox (badness 10000) in paragraph at lines 260--260
[]\OT1/cmr/bx/n/10.95 (b) |PF sex con-sump-tion (Unedu-
 []

<figures/matu/FIG10.png, id=343, 421.575pt x 316.0608pt>
File: figures/matu/FIG10.png Graphic file (type png)
<use figures/matu/FIG10.png>
Package pdftex.def Info: figures/matu/FIG10.png  used on input line 261.
(pdftex.def)             Requested size: 220.51323pt x 150.23653pt.
<figures/matu/FIG11.png, id=344, 421.575pt x 316.0608pt>
File: figures/matu/FIG11.png Graphic file (type png)
<use figures/matu/FIG11.png>
Package pdftex.def Info: figures/matu/FIG11.png  used on input line 267.
(pdftex.def)             Requested size: 220.51323pt x 150.23653pt.
<figures/matu/FIG12.png, id=345, 421.575pt x 316.0608pt>
File: figures/matu/FIG12.png Graphic file (type png)
<use figures/matu/FIG12.png>
Package pdftex.def Info: figures/matu/FIG12.png  used on input line 272.
(pdftex.def)             Requested size: 220.51323pt x 150.23653pt.
<figures/matu/FIG13.png, id=346, 421.575pt x 316.0608pt>
File: figures/matu/FIG13.png Graphic file (type png)
<use figures/matu/FIG13.png>
Package pdftex.def Info: figures/matu/FIG13.png  used on input line 278.
(pdftex.def)             Requested size: 220.51323pt x 150.23653pt.
<figures/matu/FIG14.png, id=347, 421.575pt x 316.0608pt>
File: figures/matu/FIG14.png Graphic file (type png)
<use figures/matu/FIG14.png>
Package pdftex.def Info: figures/matu/FIG14.png  used on input line 283.
(pdftex.def)             Requested size: 220.51323pt x 150.23653pt.
<figures/matu/FIG15.png, id=348, 421.575pt x 316.0608pt>
File: figures/matu/FIG15.png Graphic file (type png)
<use figures/matu/FIG15.png>
Package pdftex.def Info: figures/matu/FIG15.png  used on input line 289.
(pdftex.def)             Requested size: 220.51323pt x 150.23653pt.
<figures/matu/FIG16.png, id=349, 421.575pt x 316.0608pt>
File: figures/matu/FIG16.png Graphic file (type png)
<use figures/matu/FIG16.png>
Package pdftex.def Info: figures/matu/FIG16.png  used on input line 294.
(pdftex.def)             Requested size: 220.51323pt x 150.23653pt.

Overfull \hbox (5.22215pt too wide) in paragraph at lines 255--299
[]$[]$ |  $[]$
 []


Overfull \hbox (5.22215pt too wide) in paragraph at lines 255--299
$[]$ |  $[]$
 []


Overfull \hbox (5.22215pt too wide) in paragraph at lines 255--299
$[]$ |  $[]$
 []


Overfull \hbox (5.22215pt too wide) in paragraph at lines 255--299
$[]$ |  $[]$
 []


Overfull \vbox (132.57993pt too high) has occurred while \output is active []


[38 <./figures/matu/FIG9.png (PNG copy)> <./figures/matu/FIG10.png (PNG copy)> 
<./figures/matu/FIG11.png (PNG copy)> <./figures/matu/FIG12.png (PNG copy)> <./
figures/matu/FIG13.png (PNG copy)> <./figures/matu/FIG14.png (PNG copy)> <./fig
ures/matu/FIG15.png (PNG copy)> <./figures/matu/FIG16.png (PNG copy)>]
<figures/art/FIG1.png, id=355, 421.575pt x 316.0608pt>
File: figures/art/FIG1.png Graphic file (type png)
<use figures/art/FIG1.png>
Package pdftex.def Info: figures/art/FIG1.png  used on input line 307.
(pdftex.def)             Requested size: 220.51323pt x 150.23653pt.
<figures/art/FIG2.png, id=356, 421.575pt x 316.0608pt>
File: figures/art/FIG2.png Graphic file (type png)
<use figures/art/FIG2.png>
Package pdftex.def Info: figures/art/FIG2.png  used on input line 312.
(pdftex.def)             Requested size: 220.51323pt x 150.23653pt.
<figures/art/FIG3.png, id=357, 421.575pt x 316.0608pt>
File: figures/art/FIG3.png Graphic file (type png)
<use figures/art/FIG3.png>
Package pdftex.def Info: figures/art/FIG3.png  used on input line 318.
(pdftex.def)             Requested size: 220.51323pt x 150.23653pt.
<figures/art/FIG4.png, id=358, 421.575pt x 316.0608pt>
File: figures/art/FIG4.png Graphic file (type png)
<use figures/art/FIG4.png>
Package pdftex.def Info: figures/art/FIG4.png  used on input line 323.
(pdftex.def)             Requested size: 220.51323pt x 150.23653pt.
<figures/art/FIG6.png, id=359, 421.575pt x 316.0608pt>
File: figures/art/FIG6.png Graphic file (type png)
<use figures/art/FIG6.png>
Package pdftex.def Info: figures/art/FIG6.png  used on input line 329.
(pdftex.def)             Requested size: 220.51323pt x 150.23653pt.
<figures/art/FIG5.png, id=360, 421.575pt x 316.0608pt>
File: figures/art/FIG5.png Graphic file (type png)
<use figures/art/FIG5.png>
Package pdftex.def Info: figures/art/FIG5.png  used on input line 334.
(pdftex.def)             Requested size: 220.51323pt x 150.23653pt.
<figures/art/FIG8.png, id=361, 421.575pt x 316.0608pt>
File: figures/art/FIG8.png Graphic file (type png)
<use figures/art/FIG8.png>
Package pdftex.def Info: figures/art/FIG8.png  used on input line 340.
(pdftex.def)             Requested size: 220.51323pt x 150.23653pt.
<figures/art/FIG7.png, id=362, 421.575pt x 316.0608pt>
File: figures/art/FIG7.png Graphic file (type png)
<use figures/art/FIG7.png>
Package pdftex.def Info: figures/art/FIG7.png  used on input line 345.
(pdftex.def)             Requested size: 220.51323pt x 150.23653pt.

Overfull \hbox (5.22215pt too wide) in paragraph at lines 306--350
[]$[]$ |  $[]$
 []


Overfull \hbox (5.22215pt too wide) in paragraph at lines 306--350
$[]$ |  $[]$
 []


Overfull \hbox (5.22215pt too wide) in paragraph at lines 306--350
$[]$ |  $[]$
 []


Overfull \hbox (5.22215pt too wide) in paragraph at lines 306--350
$[]$ |  $[]$
 []


Overfull \vbox (118.97992pt too high) has occurred while \output is active []


[39 <./figures/art/FIG1.png (PNG copy)> <./figures/art/FIG2.png (PNG copy)> <./
figures/art/FIG3.png (PNG copy)> <./figures/art/FIG4.png (PNG copy)> <./figures
/art/FIG6.png (PNG copy)> <./figures/art/FIG5.png (PNG copy)> <./figures/art/FI
G8.png (PNG copy)> <./figures/art/FIG7.png (PNG copy)>]
<figures/art/FIG9.png, id=368, 421.575pt x 316.0608pt>
File: figures/art/FIG9.png Graphic file (type png)
<use figures/art/FIG9.png>
Package pdftex.def Info: figures/art/FIG9.png  used on input line 356.
(pdftex.def)             Requested size: 220.51323pt x 150.23653pt.

Underfull \hbox (badness 10000) in paragraph at lines 360--360
[]\OT1/cmr/bx/n/10.95 (b) |PF sex con-sump-tion (Unedu-
 []

<figures/art/FIG10.png, id=369, 421.575pt x 316.0608pt>
File: figures/art/FIG10.png Graphic file (type png)
<use figures/art/FIG10.png>
Package pdftex.def Info: figures/art/FIG10.png  used on input line 361.
(pdftex.def)             Requested size: 220.51323pt x 150.23653pt.
<figures/art/FIG11.png, id=370, 421.575pt x 316.0608pt>
File: figures/art/FIG11.png Graphic file (type png)
<use figures/art/FIG11.png>
Package pdftex.def Info: figures/art/FIG11.png  used on input line 367.
(pdftex.def)             Requested size: 220.51323pt x 150.23653pt.
<figures/art/FIG12.png, id=371, 421.575pt x 316.0608pt>
File: figures/art/FIG12.png Graphic file (type png)
<use figures/art/FIG12.png>
Package pdftex.def Info: figures/art/FIG12.png  used on input line 372.
(pdftex.def)             Requested size: 220.51323pt x 150.23653pt.
<figures/art/FIG13.png, id=372, 421.575pt x 316.0608pt>
File: figures/art/FIG13.png Graphic file (type png)
<use figures/art/FIG13.png>
Package pdftex.def Info: figures/art/FIG13.png  used on input line 378.
(pdftex.def)             Requested size: 220.51323pt x 150.23653pt.
<figures/art/FIG14.png, id=373, 421.575pt x 316.0608pt>
File: figures/art/FIG14.png Graphic file (type png)
<use figures/art/FIG14.png>
Package pdftex.def Info: figures/art/FIG14.png  used on input line 383.
(pdftex.def)             Requested size: 220.51323pt x 150.23653pt.
<figures/art/FIG15.png, id=374, 421.575pt x 316.0608pt>
File: figures/art/FIG15.png Graphic file (type png)
<use figures/art/FIG15.png>
Package pdftex.def Info: figures/art/FIG15.png  used on input line 389.
(pdftex.def)             Requested size: 220.51323pt x 150.23653pt.
<figures/art/FIG16.png, id=375, 421.575pt x 316.0608pt>
File: figures/art/FIG16.png Graphic file (type png)
<use figures/art/FIG16.png>
Package pdftex.def Info: figures/art/FIG16.png  used on input line 394.
(pdftex.def)             Requested size: 220.51323pt x 150.23653pt.

Overfull \hbox (5.22215pt too wide) in paragraph at lines 355--399
[]$[]$ |  $[]$
 []


Overfull \hbox (5.22215pt too wide) in paragraph at lines 355--399
$[]$ |  $[]$
 []


Overfull \hbox (5.22215pt too wide) in paragraph at lines 355--399
$[]$ |  $[]$
 []


Overfull \hbox (5.22215pt too wide) in paragraph at lines 355--399
$[]$ |  $[]$
 []


Overfull \vbox (132.57993pt too high) has occurred while \output is active []


[40 <./figures/art/FIG9.png (PNG copy)> <./figures/art/FIG10.png (PNG copy)> <.
/figures/art/FIG11.png (PNG copy)> <./figures/art/FIG12.png (PNG copy)> <./figu
res/art/FIG13.png (PNG copy)> <./figures/art/FIG14.png (PNG copy)> <./figures/a
rt/FIG15.png (PNG copy)> <./figures/art/FIG16.png (PNG copy)>]))

Package natbib Warning: There were undefined citations.

Package atveryend Info: Empty hook `BeforeClearDocument' on input line 90.
Package atveryend Info: Empty hook `AfterLastShipout' on input line 90.
(Sex_education.aux)
Package atveryend Info: Executing hook `AtVeryEndDocument' on input line 90.
Package atveryend Info: Executing hook `AtEndAfterFileList' on input line 90.


Package rerunfilecheck Warning: File `Sex_education.out' has changed.
(rerunfilecheck)                Rerun to get outlines right
(rerunfilecheck)                or use package `bookmark'.

Package rerunfilecheck Info: Checksums for `Sex_education.out':
(rerunfilecheck)             Before: <no file>
(rerunfilecheck)             After:  AC7C43112D901B934CEA8B50D80AD7C0;1744.

LaTeX Warning: There were undefined references.


LaTeX Warning: Label(s) may have changed. Rerun to get cross-references right.

Package atveryend Info: Empty hook `AtVeryVeryEnd' on input line 90.
 ) 
Here is how much of TeX's memory you used:
 28971 strings out of 493305
 540654 string characters out of 3129367
 570249 words of memory out of 3000000
 31948 multiletter control sequences out of 15000+200000
 544596 words of font info for 69 fonts, out of 3000000 for 9000
 1141 hyphenation exceptions out of 8191
 55i,17n,63p,1681b,493s stack positions out of 5000i,500n,10000p,200000b,50000s
pdfTeX warning (dest): name{Hfootnote.11} has been referenced but does not ex
ist, replaced by a fixed one

pdfTeX warning (dest): name{Hfootnote.10} has been referenced but does not exis
t, replaced by a fixed one

pdfTeX warning (dest): name{Hfootnote.9} has been referenced but does not exist
, replaced by a fixed one

pdfTeX warning (dest): name{Hfootnote.8} has been referenced but does not exist
, replaced by a fixed one

pdfTeX warning (dest): name{Hfootnote.7} has been referenced but does not exist
, replaced by a fixed one

pdfTeX warning (dest): name{Hfootnote.6} has been referenced but does not exist
, replaced by a fixed one

pdfTeX warning (dest): name{Hfootnote.5} has been referenced but does not exist
, replaced by a fixed one

pdfTeX warning (dest): name{Hfootnote.4} has been referenced but does not exist
, replaced by a fixed one

pdfTeX warning (dest): name{Hfootnote.3} has been referenced but does not exist
, replaced by a fixed one

pdfTeX warning (dest): name{Hfootnote.2} has been referenced but does not exist
, replaced by a fixed one

pdfTeX warning (dest): name{Hfootnote.1} has been referenced but does not exist
, replaced by a fixed one

<C:/Users/Aleman/AppData/Local/Programs/MiKTeX 2.9/fonts/type1/public/amsfonts/
cm/cmbx10.pfb><C:/Users/Aleman/AppData/Local/Programs/MiKTeX 2.9/fonts/type1/pu
blic/amsfonts/cm/cmbx12.pfb><C:/Users/Aleman/AppData/Local/Programs/MiKTeX 2.9/
fonts/type1/public/amsfonts/cm/cmex10.pfb><C:/Users/Aleman/AppData/Local/Progra
ms/MiKTeX 2.9/fonts/type1/public/amsfonts/cm/cmmi10.pfb><C:/Users/Aleman/AppDat
a/Local/Programs/MiKTeX 2.9/fonts/type1/public/amsfonts/cm/cmmi12.pfb><C:/Users
/Aleman/AppData/Local/Programs/MiKTeX 2.9/fonts/type1/public/amsfonts/cm/cmmi6.
pfb><C:/Users/Aleman/AppData/Local/Programs/MiKTeX 2.9/fonts/type1/public/amsfo
nts/cm/cmmi8.pfb><C:/Users/Aleman/AppData/Local/Programs/MiKTeX 2.9/fonts/type1
/public/amsfonts/cm/cmmib10.pfb><C:/Users/Aleman/AppData/Local/Programs/MiKTeX 
2.9/fonts/type1/public/amsfonts/cm/cmr10.pfb><C:/Users/Aleman/AppData/Local/Pro
grams/MiKTeX 2.9/fonts/type1/public/amsfonts/cm/cmr12.pfb><C:/Users/Aleman/AppD
ata/Local/Programs/MiKTeX 2.9/fonts/type1/public/amsfonts/cm/cmr17.pfb><C:/User
s/Aleman/AppData/Local/Programs/MiKTeX 2.9/fonts/type1/public/amsfonts/cm/cmr6.
pfb><C:/Users/Aleman/AppData/Local/Programs/MiKTeX 2.9/fonts/type1/public/amsfo
nts/cm/cmr7.pfb><C:/Users/Aleman/AppData/Local/Programs/MiKTeX 2.9/fonts/type1/
public/amsfonts/cm/cmr8.pfb><C:/Users/Aleman/AppData/Local/Programs/MiKTeX 2.9/
fonts/type1/public/amsfonts/cm/cmsl12.pfb><C:/Users/Aleman/AppData/Local/Progra
ms/MiKTeX 2.9/fonts/type1/public/amsfonts/cm/cmsy10.pfb><C:/Users/Aleman/AppDat
a/Local/Programs/MiKTeX 2.9/fonts/type1/public/amsfonts/cm/cmsy6.pfb><C:/Users/
Aleman/AppData/Local/Programs/MiKTeX 2.9/fonts/type1/public/amsfonts/cm/cmsy7.p
fb><C:/Users/Aleman/AppData/Local/Programs/MiKTeX 2.9/fonts/type1/public/amsfon
ts/cm/cmsy8.pfb><C:/Users/Aleman/AppData/Local/Programs/MiKTeX 2.9/fonts/type1/
public/amsfonts/cm/cmti12.pfb><C:/Users/Aleman/AppData/Local/Programs/MiKTeX 2.
9/fonts/type1/public/amsfonts/symbols/msbm10.pfb>
Output written on Sex_education.pdf (43 pages, 2227229 bytes).
PDF statistics:
 478 PDF objects out of 1000 (max. 8388607)
 136 named destinations out of 1000 (max. 500000)
 373 words of extra memory for PDF output out of 10000 (max. 10000000)

