\BOOKMARK [1][-]{section*.1}{List of Tables}{}% 1
\BOOKMARK [1][-]{section*.2}{List of Figures}{}% 2
\BOOKMARK [1][-]{section.1}{Introduction}{}% 3
\BOOKMARK [1][-]{section.2}{Relevant literature}{}% 4
\BOOKMARK [1][-]{section.3}{Country Profile Malawi}{}% 5
\BOOKMARK [1][-]{section.4}{The model}{}% 6
\BOOKMARK [2][-]{subsection.4.1}{Model characteristics}{section.4}% 7
\BOOKMARK [2][-]{subsection.4.2}{Pre-epidemic stage}{section.4}% 8
\BOOKMARK [2][-]{subsection.4.3}{Miopic stage of the epidemic}{section.4}% 9
\BOOKMARK [2][-]{subsection.4.4}{Difussion and maturity of the epidemic}{section.4}% 10
\BOOKMARK [2][-]{subsection.4.5}{Antiretroviral treatment \(ART's\)}{section.4}% 11
\BOOKMARK [1][-]{section.5}{Solution algorithm, keeping track of the HIV epidemic }{}% 12
\BOOKMARK [2][-]{subsection.5.1}{Calibration}{section.5}% 13
\BOOKMARK [1][-]{section.6}{Results}{}% 14
\BOOKMARK [2][-]{subsection.6.1}{A linear probability model}{section.6}% 15
\BOOKMARK [1][-]{section.7}{Conclusions}{}% 16
\BOOKMARK [1][-]{appendix.A}{Appendix}{}% 17
\BOOKMARK [2][-]{subsection.A.1}{Stationary equilibrium computation}{appendix.A}% 18
\BOOKMARK [2][-]{subsection.A.2}{Figures}{appendix.A}% 19
\BOOKMARK [3][-]{subsubsection.A.2.1}{Education gradient Sub Saharan Africa}{subsection.A.2}% 20
\BOOKMARK [3][-]{subsubsection.A.2.2}{Malawian HIV/AIDS epidemic}{subsection.A.2}% 21
\BOOKMARK [3][-]{subsubsection.A.2.3}{Pre-epidemic stage}{subsection.A.2}% 22
\BOOKMARK [3][-]{subsubsection.A.2.4}{Miopic stage of the epidemic}{subsection.A.2}% 23
\BOOKMARK [3][-]{subsubsection.A.2.5}{Maturity of the epidemic}{subsection.A.2}% 24
\BOOKMARK [3][-]{subsubsection.A.2.6}{Antiretrovial treatment \(ARTs\)}{subsection.A.2}% 25
